#
# There is insufficient memory for the Java Runtime Environment to continue.
# Native memory allocation (malloc) failed to allocate 66060288 bytes for committing reserved memory.
# Possible reasons:
#   The system is out of physical RAM or swap space
#   In 32 bit mode, the process size limit was hit
# Possible solutions:
#   Reduce memory load on the system
#   Increase physical memory or swap space
#   Check if swap backing store is full
#   Use 64 bit Java on a 64 bit OS
#   Decrease Java heap size (-Xmx/-Xms)
#   Decrease number of Java threads
#   Decrease Java thread stack sizes (-Xss)
#   Set larger code cache with -XX:ReservedCodeCacheSize=
# This output file may be truncated or incomplete.
#
#  Out of Memory Error (os_linux.cpp:2756), pid=13752, tid=139896418023168
#
# JRE version: Java(TM) SE Runtime Environment (7.0_76-b13) (build 1.7.0_76-b13)
# Java VM: Java HotSpot(TM) 64-Bit Server VM (24.76-b04 mixed mode linux-amd64 compressed oops)
# Failed to write core dump. Core dumps have been disabled. To enable core dumping, try "ulimit -c unlimited" before starting Java again
#

---------------  T H R E A D  ---------------

Current thread (0x00007f3c3006a800):  VMThread [stack: 0x00007f3c2c3d3000,0x00007f3c2c4d4000] [id=13763]

Stack: [0x00007f3c2c3d3000,0x00007f3c2c4d4000],  sp=0x00007f3c2c4d2110,  free space=1020k
Native frames: (J=compiled Java code, j=interpreted, Vv=VM code, C=native code)
V  [libjvm.so+0x9a32ba]  VMError::report_and_die()+0x2ea
V  [libjvm.so+0x497f7b]  report_vm_out_of_memory(char const*, int, unsigned long, char const*)+0x9b
V  [libjvm.so+0x81fcce]  os::Linux::commit_memory_impl(char*, unsigned long, bool)+0xfe
V  [libjvm.so+0x820219]  os::pd_commit_memory(char*, unsigned long, unsigned long, bool)+0x29
V  [libjvm.so+0x819faa]  os::commit_memory(char*, unsigned long, unsigned long, bool)+0x2a
V  [libjvm.so+0x88d843]  PSVirtualSpace::expand_by(unsigned long)+0x53
V  [libjvm.so+0x88ec18]  PSYoungGen::resize_generation(unsigned long, unsigned long)+0xf8
V  [libjvm.so+0x88dd82]  PSYoungGen::resize(unsigned long, unsigned long)+0x22
V  [libjvm.so+0x88b13d]  PSScavenge::invoke_no_policy()+0xf3d
V  [libjvm.so+0x88b981]  PSScavenge::invoke()+0x41
V  [libjvm.so+0x842300]  ParallelScavengeHeap::failed_mem_allocate(unsigned long)+0x70
V  [libjvm.so+0x9a4b47]  VM_ParallelGCFailedAllocation::doit()+0x97
V  [libjvm.so+0x9abfe5]  VM_Operation::evaluate()+0x55
V  [libjvm.so+0x9aa3aa]  VMThread::evaluate_operation(VM_Operation*)+0xba
V  [libjvm.so+0x9aa72e]  VMThread::loop()+0x1ce
V  [libjvm.so+0x9aaba0]  VMThread::run()+0x70
V  [libjvm.so+0x821ca8]  java_start(Thread*)+0x108

VM_Operation (0x00007f3c37f6b370): ParallelGCFailedAllocation, mode: safepoint, requested by thread 0x00007f3c3000b000


---------------  P R O C E S S  ---------------

Java Threads: ( => current thread )
  0x00007f3c30099800 JavaThread "Service Thread" daemon [_thread_blocked, id=13769, stack(0x00007f3c25258000,0x00007f3c25359000)]
  0x00007f3c30097800 JavaThread "C2 CompilerThread1" daemon [_thread_blocked, id=13768, stack(0x00007f3c25359000,0x00007f3c2545a000)]
  0x00007f3c30094800 JavaThread "C2 CompilerThread0" daemon [_thread_blocked, id=13767, stack(0x00007f3c2545a000,0x00007f3c2555b000)]
  0x00007f3c30092800 JavaThread "Signal Dispatcher" daemon [_thread_blocked, id=13766, stack(0x00007f3c2c0d0000,0x00007f3c2c1d1000)]
  0x00007f3c30071000 JavaThread "Finalizer" daemon [_thread_blocked, id=13765, stack(0x00007f3c2c1d1000,0x00007f3c2c2d2000)]
  0x00007f3c3006f000 JavaThread "Reference Handler" daemon [_thread_blocked, id=13764, stack(0x00007f3c2c2d2000,0x00007f3c2c3d3000)]
  0x00007f3c3000b000 JavaThread "main" [_thread_blocked, id=13758, stack(0x00007f3c37e6c000,0x00007f3c37f6d000)]

Other Threads:
=>0x00007f3c3006a800 VMThread [stack: 0x00007f3c2c3d3000,0x00007f3c2c4d4000] [id=13763]
  0x00007f3c300a4800 WatcherThread [stack: 0x00007f3c25157000,0x00007f3c25258000] [id=13770]

VM state:at safepoint (normal execution)

VM Mutex/Monitor currently owned by a thread:  ([mutex/lock_event])
[0x00007f3c300070f0] Threads_lock - owner thread: 0x00007f3c3006a800
[0x00007f3c300075f0] Heap_lock - owner thread: 0x00007f3c3000b000

Heap
 PSYoungGen      total 69632K, used 5095K [0x00000000eaa80000, 0x00000000ef380000, 0x0000000100000000)
  eden space 64512K, 0% used [0x00000000eaa80000,0x00000000eaa80000,0x00000000ee980000)
  from space 5120K, 99% used [0x00000000ee980000,0x00000000eee79dd0,0x00000000eee80000)
  to   space 5120K, 0% used [0x00000000eee80000,0x00000000eee80000,0x00000000ef380000)
 ParOldGen       total 84480K, used 15579K [0x00000000c0000000, 0x00000000c5280000, 0x00000000eaa80000)
  object space 84480K, 18% used [0x00000000c0000000,0x00000000c0f36ca0,0x00000000c5280000)
 PSPermGen       total 21504K, used 6893K [0x00000000bae00000, 0x00000000bc300000, 0x00000000c0000000)
  object space 21504K, 32% used [0x00000000bae00000,0x00000000bb4bb508,0x00000000bc300000)

Card table byte_map: [0x00007f3c34f41000,0x00007f3c3516b000] byte_map_base: 0x00007f3c3496a000

Polling page: 0x00007f3c37f8e000

Code Cache  [0x00007f3c2d000000, 0x00007f3c2d270000, 0x00007f3c30000000)
 total_blobs=911 nmethods=663 adapters=201 free_code_cache=47074Kb largest_free_block=48171584

Compilation events (10 events):
Event: 3.149 Thread 0x00007f3c30097800 nmethod 660 0x00007f3c2d1e9b10 code [0x00007f3c2d1e9c40, 0x00007f3c2d1e9c98]
Event: 3.149 Thread 0x00007f3c30097800  661             com.android.dx.io.instructions.DecodedInstruction::getTarget (7 bytes)
Event: 3.149 Thread 0x00007f3c30097800 nmethod 661 0x00007f3c2d1e9910 code [0x00007f3c2d1e9a40, 0x00007f3c2d1e9a98]
Event: 3.149 Thread 0x00007f3c30097800  662             com.android.dex.TypeList::<init> (15 bytes)
Event: 3.150 Thread 0x00007f3c30097800 nmethod 662 0x00007f3c2d1f5c90 code [0x00007f3c2d1f5dc0, 0x00007f3c2d1f5e38]
Event: 3.150 Thread 0x00007f3c30097800  663             com.android.dx.merge.DexMerger$IdMerger$UnsortedValue::<init> (38 bytes)
Event: 3.150 Thread 0x00007f3c30097800 nmethod 663 0x00007f3c2d1f5a50 code [0x00007f3c2d1f5b80, 0x00007f3c2d1f5c18]
Event: 3.150 Thread 0x00007f3c30097800  664             com.android.dx.merge.DexMerger::access$2100 (5 bytes)
Event: 3.150 Thread 0x00007f3c30097800 nmethod 664 0x00007f3c2d1f5850 code [0x00007f3c2d1f5980, 0x00007f3c2d1f59d8]
Event: 3.150 Thread 0x00007f3c30097800  665             com.android.dx.merge.DexMerger::access$1800 (6 bytes)

GC Heap History (5 events):
Event: 1.545 GC heap before
{Heap before GC invocations=1 (full 0):
 PSYoungGen      total 37376K, used 32256K [0x00000000eaa80000, 0x00000000ed400000, 0x0000000100000000)
  eden space 32256K, 100% used [0x00000000eaa80000,0x00000000eca00000,0x00000000eca00000)
  from space 5120K, 0% used [0x00000000ecf00000,0x00000000ecf00000,0x00000000ed400000)
  to   space 5120K, 0% used [0x00000000eca00000,0x00000000eca00000,0x00000000ecf00000)
 ParOldGen       total 84480K, used 0K [0x00000000c0000000, 0x00000000c5280000, 0x00000000eaa80000)
  object space 84480K, 0% used [0x00000000c0000000,0x00000000c0000000,0x00000000c5280000)
 PSPermGen       total 21504K, used 5124K [0x00000000bae00000, 0x00000000bc300000, 0x00000000c0000000)
  object space 21504K, 23% used [0x00000000bae00000,0x00000000bb301320,0x00000000bc300000)
Event: 1.644 GC heap after
Heap after GC invocations=1 (full 0):
 PSYoungGen      total 37376K, used 5106K [0x00000000eaa80000, 0x00000000ef380000, 0x0000000100000000)
  eden space 32256K, 0% used [0x00000000eaa80000,0x00000000eaa80000,0x00000000eca00000)
  from space 5120K, 99% used [0x00000000eca00000,0x00000000ecefc9f0,0x00000000ecf00000)
  to   space 5120K, 0% used [0x00000000eee80000,0x00000000eee80000,0x00000000ef380000)
 ParOldGen       total 84480K, used 2244K [0x00000000c0000000, 0x00000000c5280000, 0x00000000eaa80000)
  object space 84480K, 2% used [0x00000000c0000000,0x00000000c0231130,0x00000000c5280000)
 PSPermGen       total 21504K, used 5124K [0x00000000bae00000, 0x00000000bc300000, 0x00000000c0000000)
  object space 21504K, 23% used [0x00000000bae00000,0x00000000bb301320,0x00000000bc300000)
}
Event: 2.208 GC heap before
{Heap before GC invocations=2 (full 0):
 PSYoungGen      total 37376K, used 37362K [0x00000000eaa80000, 0x00000000ef380000, 0x0000000100000000)
  eden space 32256K, 100% used [0x00000000eaa80000,0x00000000eca00000,0x00000000eca00000)
  from space 5120K, 99% used [0x00000000eca00000,0x00000000ecefc9f0,0x00000000ecf00000)
  to   space 5120K, 0% used [0x00000000eee80000,0x00000000eee80000,0x00000000ef380000)
 ParOldGen       total 84480K, used 2244K [0x00000000c0000000, 0x00000000c5280000, 0x00000000eaa80000)
  object space 84480K, 2% used [0x00000000c0000000,0x00000000c0231130,0x00000000c5280000)
 PSPermGen       total 21504K, used 5602K [0x00000000bae00000, 0x00000000bc300000, 0x00000000c0000000)
  object space 21504K, 26% used [0x00000000bae00000,0x00000000bb378b18,0x00000000bc300000)
Event: 2.236 GC heap after
Heap after GC invocations=2 (full 0):
 PSYoungGen      total 69632K, used 5106K [0x00000000eaa80000, 0x00000000ef380000, 0x0000000100000000)
  eden space 64512K, 0% used [0x00000000eaa80000,0x00000000eaa80000,0x00000000ee980000)
  from space 5120K, 99% used [0x00000000eee80000,0x00000000ef37c9f0,0x00000000ef380000)
  to   space 5120K, 0% used [0x00000000ee980000,0x00000000ee980000,0x00000000eee80000)
 ParOldGen       total 84480K, used 9558K [0x00000000c0000000, 0x00000000c5280000, 0x00000000eaa80000)
  object space 84480K, 11% used [0x00000000c0000000,0x00000000c0955bd0,0x00000000c5280000)
 PSPermGen       total 21504K, used 5602K [0x00000000bae00000, 0x00000000bc300000, 0x00000000c0000000)
  object space 21504K, 26% used [0x00000000bae00000,0x00000000bb378b18,0x00000000bc300000)
}
Event: 3.151 GC heap before
{Heap before GC invocations=3 (full 0):
 PSYoungGen      total 69632K, used 69618K [0x00000000eaa80000, 0x00000000ef380000, 0x0000000100000000)
  eden space 64512K, 100% used [0x00000000eaa80000,0x00000000ee980000,0x00000000ee980000)
  from space 5120K, 99% used [0x00000000eee80000,0x00000000ef37c9f0,0x00000000ef380000)
  to   space 5120K, 0% used [0x00000000ee980000,0x00000000ee980000,0x00000000eee80000)
 ParOldGen       total 84480K, used 9558K [0x00000000c0000000, 0x00000000c5280000, 0x00000000eaa80000)
  object space 84480K, 11% used [0x00000000c0000000,0x00000000c0955bd0,0x00000000c5280000)
 PSPermGen       total 21504K, used 6893K [0x00000000bae00000, 0x00000000bc300000, 0x00000000c0000000)
  object space 21504K, 32% used [0x00000000bae00000,0x00000000bb4bb508,0x00000000bc300000)

Deoptimization events (10 events):
Event: 2.413 Thread 0x00007f3c3000b000 Uncommon trap: reason=class_check action=maybe_recompile pc=0x00007f3c2d0dd664 method=java.util.HashMap.<init>(IF)V @ 115
Event: 2.448 Thread 0x00007f3c3000b000 Uncommon trap: reason=class_check action=maybe_recompile pc=0x00007f3c2d181040 method=com.android.dex.Leb128.writeUnsignedLeb128(Lcom/android/dex/util/ByteOutput;I)V @ 40
Event: 2.448 Thread 0x00007f3c3000b000 Uncommon trap: reason=class_check action=maybe_recompile pc=0x00007f3c2d181040 method=com.android.dex.Leb128.writeUnsignedLeb128(Lcom/android/dex/util/ByteOutput;I)V @ 40
Event: 2.448 Thread 0x00007f3c3000b000 Uncommon trap: reason=class_check action=maybe_recompile pc=0x00007f3c2d181040 method=com.android.dex.Leb128.writeUnsignedLeb128(Lcom/android/dex/util/ByteOutput;I)V @ 40
Event: 2.448 Thread 0x00007f3c3000b000 Uncommon trap: reason=class_check action=maybe_recompile pc=0x00007f3c2d181040 method=com.android.dex.Leb128.writeUnsignedLeb128(Lcom/android/dex/util/ByteOutput;I)V @ 40
Event: 2.528 Thread 0x00007f3c3000b000 Uncommon trap: reason=predicate action=maybe_recompile pc=0x00007f3c2d196fb4 method=com.android.dex.Leb128.writeUnsignedLeb128(Lcom/android/dex/util/ByteOutput;I)V @ 9
Event: 2.634 Thread 0x00007f3c3000b000 Uncommon trap: reason=predicate action=maybe_recompile pc=0x00007f3c2d1a1898 method=com.android.dex.Leb128.readUnsignedLeb128(Lcom/android/dex/util/ByteInput;)I @ 41
Event: 2.684 Thread 0x00007f3c3000b000 Uncommon trap: reason=unreached action=reinterpret pc=0x00007f3c2d1ac1a4 method=com.android.dx.merge.DexMerger$IdMerger.mergeSorted()V @ 261
Event: 3.025 Thread 0x00007f3c3000b000 Uncommon trap: reason=predicate action=maybe_recompile pc=0x00007f3c2d1e84fc method=java.util.ComparableTimSort.binarySort([Ljava/lang/Object;III)V @ 37
Event: 3.111 Thread 0x00007f3c3000b000 Uncommon trap: reason=array_check action=maybe_recompile pc=0x00007f3c2d1eeb7c method=java.util.ComparableTimSort.binarySort([Ljava/lang/Object;III)V @ 193

Internal exceptions (10 events):
Event: 2.543 Thread 0x00007f3c3000b000 Threw 0x00000000eafcbd70 at /HUDSON/workspace/7u-2-build-linux-amd64/jdk7u76/1941/hotspot/src/share/vm/prims/jvm.cpp:1304
Event: 2.544 Thread 0x00007f3c3000b000 Threw 0x00000000eafcee40 at /HUDSON/workspace/7u-2-build-linux-amd64/jdk7u76/1941/hotspot/src/share/vm/prims/jvm.cpp:1304
Event: 2.544 Thread 0x00007f3c3000b000 Threw 0x00000000eafd2060 at /HUDSON/workspace/7u-2-build-linux-amd64/jdk7u76/1941/hotspot/src/share/vm/prims/jvm.cpp:1304
Event: 2.545 Thread 0x00007f3c3000b000 Threw 0x00000000eafd7138 at /HUDSON/workspace/7u-2-build-linux-amd64/jdk7u76/1941/hotspot/src/share/vm/prims/jvm.cpp:1304
Event: 2.546 Thread 0x00007f3c3000b000 Threw 0x00000000eafd9d58 at /HUDSON/workspace/7u-2-build-linux-amd64/jdk7u76/1941/hotspot/src/share/vm/prims/jvm.cpp:1304
Event: 2.546 Thread 0x00007f3c3000b000 Threw 0x00000000eafdcb38 at /HUDSON/workspace/7u-2-build-linux-amd64/jdk7u76/1941/hotspot/src/share/vm/prims/jvm.cpp:1304
Event: 2.546 Thread 0x00007f3c3000b000 Threw 0x00000000eafdfd30 at /HUDSON/workspace/7u-2-build-linux-amd64/jdk7u76/1941/hotspot/src/share/vm/prims/jvm.cpp:1304
Event: 2.548 Thread 0x00007f3c3000b000 Threw 0x00000000eafe6f38 at /HUDSON/workspace/7u-2-build-linux-amd64/jdk7u76/1941/hotspot/src/share/vm/prims/jvm.cpp:1304
Event: 2.548 Thread 0x00007f3c3000b000 Threw 0x00000000eafe8e58 at /HUDSON/workspace/7u-2-build-linux-amd64/jdk7u76/1941/hotspot/src/share/vm/prims/jvm.cpp:1304
Event: 2.885 Thread 0x00007f3c3000b000 Threw 0x00000000ec5b6748 at /HUDSON/workspace/7u-2-build-linux-amd64/jdk7u76/1941/hotspot/src/share/vm/prims/jvm.cpp:1304

Events (10 events):
Event: 2.885 loading class 0x00007f3c30232b80 done
Event: 2.931 loading class 0x00007f3c34741f60
Event: 2.932 loading class 0x00007f3c34741f60 done
Event: 3.025 Thread 0x00007f3c3000b000 Uncommon trap: trap_request=0xffffff86 fr.pc=0x00007f3c2d1e84fc
Event: 3.025 Thread 0x00007f3c3000b000 DEOPT PACKING pc=0x00007f3c2d1e84fc sp=0x00007f3c37f6b3f0
Event: 3.025 Thread 0x00007f3c3000b000 DEOPT UNPACKING pc=0x00007f3c2d039445 sp=0x00007f3c37f6b3d0 mode 2
Event: 3.111 Thread 0x00007f3c3000b000 Uncommon trap: trap_request=0xffffffd6 fr.pc=0x00007f3c2d1eeb7c
Event: 3.111 Thread 0x00007f3c3000b000 DEOPT PACKING pc=0x00007f3c2d1eeb7c sp=0x00007f3c37f6b3e0
Event: 3.111 Thread 0x00007f3c3000b000 DEOPT UNPACKING pc=0x00007f3c2d039445 sp=0x00007f3c37f6b3b8 mode 2
Event: 3.151 Executing VM operation: ParallelGCFailedAllocation


Dynamic libraries:
00400000-00401000 r-xp 00000000 08:03 2115582                            /usr/lib/jvm/java-7-oracle/bin/java
00600000-00601000 rw-p 00000000 08:03 2115582                            /usr/lib/jvm/java-7-oracle/bin/java
01349000-0136a000 rw-p 00000000 00:00 0                                  [heap]
bae00000-bc300000 rw-p 00000000 00:00 0 
bc300000-c0000000 rw-p 00000000 00:00 0 
c0000000-c5280000 rw-p 00000000 00:00 0 
c5280000-eaa80000 rw-p 00000000 00:00 0 
eaa80000-ef380000 rw-p 00000000 00:00 0 
f3280000-100000000 rw-p 00000000 00:00 0 
7f3bf8000000-7f3bf8021000 rw-p 00000000 00:00 0 
7f3bf8021000-7f3bfc000000 ---p 00000000 00:00 0 
7f3bfc000000-7f3bfc021000 rw-p 00000000 00:00 0 
7f3bfc021000-7f3c00000000 ---p 00000000 00:00 0 
7f3c00000000-7f3c00c09000 rw-p 00000000 00:00 0 
7f3c00c09000-7f3c04000000 ---p 00000000 00:00 0 
7f3c04000000-7f3c04a1b000 rw-p 00000000 00:00 0 
7f3c04a1b000-7f3c08000000 ---p 00000000 00:00 0 
7f3c08000000-7f3c08021000 rw-p 00000000 00:00 0 
7f3c08021000-7f3c0c000000 ---p 00000000 00:00 0 
7f3c0c000000-7f3c0c021000 rw-p 00000000 00:00 0 
7f3c0c021000-7f3c10000000 ---p 00000000 00:00 0 
7f3c10000000-7f3c100e3000 rw-p 00000000 00:00 0 
7f3c100e3000-7f3c14000000 ---p 00000000 00:00 0 
7f3c14000000-7f3c14021000 rw-p 00000000 00:00 0 
7f3c14021000-7f3c18000000 ---p 00000000 00:00 0 
7f3c18000000-7f3c18021000 rw-p 00000000 00:00 0 
7f3c18021000-7f3c1c000000 ---p 00000000 00:00 0 
7f3c1c000000-7f3c1c021000 rw-p 00000000 00:00 0 
7f3c1c021000-7f3c20000000 ---p 00000000 00:00 0 
7f3c20000000-7f3c20021000 rw-p 00000000 00:00 0 
7f3c20021000-7f3c24000000 ---p 00000000 00:00 0 
7f3c24bc2000-7f3c24d2f000 rw-p 00000000 00:00 0 
7f3c24d2f000-7f3c24d45000 r-xp 00000000 08:03 2511237                    /usr/lib/jvm/java-7-oracle/jre/lib/amd64/libnet.so
7f3c24d45000-7f3c24f45000 ---p 00016000 08:03 2511237                    /usr/lib/jvm/java-7-oracle/jre/lib/amd64/libnet.so
7f3c24f45000-7f3c24f46000 rw-p 00016000 08:03 2511237                    /usr/lib/jvm/java-7-oracle/jre/lib/amd64/libnet.so
7f3c24f46000-7f3c24f56000 r-xp 00000000 08:03 2511277                    /usr/lib/jvm/java-7-oracle/jre/lib/amd64/libnio.so
7f3c24f56000-7f3c25156000 ---p 00010000 08:03 2511277                    /usr/lib/jvm/java-7-oracle/jre/lib/amd64/libnio.so
7f3c25156000-7f3c25157000 rw-p 00010000 08:03 2511277                    /usr/lib/jvm/java-7-oracle/jre/lib/amd64/libnio.so
7f3c25157000-7f3c25158000 ---p 00000000 00:00 0 
7f3c25158000-7f3c25258000 rw-p 00000000 00:00 0                          [stack:13770]
7f3c25258000-7f3c2525b000 ---p 00000000 00:00 0 
7f3c2525b000-7f3c25359000 rw-p 00000000 00:00 0                          [stack:13769]
7f3c25359000-7f3c2535c000 ---p 00000000 00:00 0 
7f3c2535c000-7f3c2545a000 rw-p 00000000 00:00 0                          [stack:13768]
7f3c2545a000-7f3c2545d000 ---p 00000000 00:00 0 
7f3c2545d000-7f3c2555b000 rw-p 00000000 00:00 0                          [stack:13767]
7f3c2555b000-7f3c25d70000 r--p 00000000 08:03 1579746                    /usr/lib/locale/locale-archive
7f3c25d70000-7f3c28000000 rw-p 00000000 00:00 0 
7f3c28000000-7f3c28021000 rw-p 00000000 00:00 0 
7f3c28021000-7f3c2c000000 ---p 00000000 00:00 0 
7f3c2c0d0000-7f3c2c0d3000 ---p 00000000 00:00 0 
7f3c2c0d3000-7f3c2c1d1000 rw-p 00000000 00:00 0                          [stack:13766]
7f3c2c1d1000-7f3c2c1d4000 ---p 00000000 00:00 0 
7f3c2c1d4000-7f3c2c2d2000 rw-p 00000000 00:00 0                          [stack:13765]
7f3c2c2d2000-7f3c2c2d5000 ---p 00000000 00:00 0 
7f3c2c2d5000-7f3c2c3d3000 rw-p 00000000 00:00 0                          [stack:13764]
7f3c2c3d3000-7f3c2c3d4000 ---p 00000000 00:00 0 
7f3c2c3d4000-7f3c2d000000 rw-p 00000000 00:00 0                          [stack:13763]
7f3c2d000000-7f3c2d270000 rwxp 00000000 00:00 0 
7f3c2d270000-7f3c3025a000 rw-p 00000000 00:00 0 
7f3c3025a000-7f3c34000000 ---p 00000000 00:00 0 
7f3c3400a000-7f3c344dd000 rw-p 00000000 00:00 0 
7f3c344dd000-7f3c3469c000 r--s 039f0000 08:03 2115523                    /usr/lib/jvm/java-7-oracle/jre/lib/rt.jar
7f3c3469c000-7f3c349be000 rw-p 00000000 00:00 0 
7f3c349be000-7f3c349bf000 ---p 00000000 00:00 0 
7f3c349bf000-7f3c34abf000 rw-p 00000000 00:00 0                          [stack:13762]
7f3c34abf000-7f3c34ac0000 ---p 00000000 00:00 0 
7f3c34ac0000-7f3c34bc0000 rw-p 00000000 00:00 0                          [stack:13761]
7f3c34bc0000-7f3c34bc1000 ---p 00000000 00:00 0 
7f3c34bc1000-7f3c34cc1000 rw-p 00000000 00:00 0                          [stack:13760]
7f3c34cc1000-7f3c34cc2000 ---p 00000000 00:00 0 
7f3c34cc2000-7f3c34dcd000 rw-p 00000000 00:00 0                          [stack:13759]
7f3c34dcd000-7f3c34deb000 rw-p 00000000 00:00 0 
7f3c34deb000-7f3c34e15000 rw-p 00000000 00:00 0 
7f3c34e15000-7f3c34f41000 rw-p 00000000 00:00 0 
7f3c34f41000-7f3c34f4c000 rw-p 00000000 00:00 0 
7f3c34f4c000-7f3c34f6a000 rw-p 00000000 00:00 0 
7f3c34f6a000-7f3c34f94000 rw-p 00000000 00:00 0 
7f3c34f94000-7f3c350bf000 rw-p 00000000 00:00 0 
7f3c350bf000-7f3c350e4000 rw-p 00000000 00:00 0 
7f3c350e4000-7f3c3516a000 rw-p 00000000 00:00 0 
7f3c3516a000-7f3c3516b000 rw-p 00000000 00:00 0 
7f3c3516b000-7f3c35185000 r-xp 00000000 08:03 2511246                    /usr/lib/jvm/java-7-oracle/jre/lib/amd64/libzip.so
7f3c35185000-7f3c35385000 ---p 0001a000 08:03 2511246                    /usr/lib/jvm/java-7-oracle/jre/lib/amd64/libzip.so
7f3c35385000-7f3c35386000 rw-p 0001a000 08:03 2511246                    /usr/lib/jvm/java-7-oracle/jre/lib/amd64/libzip.so
7f3c35386000-7f3c35392000 r-xp 00000000 08:03 2511741                    /lib/x86_64-linux-gnu/libnss_files-2.15.so
7f3c35392000-7f3c35591000 ---p 0000c000 08:03 2511741                    /lib/x86_64-linux-gnu/libnss_files-2.15.so
7f3c35591000-7f3c35592000 r--p 0000b000 08:03 2511741                    /lib/x86_64-linux-gnu/libnss_files-2.15.so
7f3c35592000-7f3c35593000 rw-p 0000c000 08:03 2511741                    /lib/x86_64-linux-gnu/libnss_files-2.15.so
7f3c35593000-7f3c3559d000 r-xp 00000000 08:03 2503602                    /lib/x86_64-linux-gnu/libnss_nis-2.15.so
7f3c3559d000-7f3c3579d000 ---p 0000a000 08:03 2503602                    /lib/x86_64-linux-gnu/libnss_nis-2.15.so
7f3c3579d000-7f3c3579e000 r--p 0000a000 08:03 2503602                    /lib/x86_64-linux-gnu/libnss_nis-2.15.so
7f3c3579e000-7f3c3579f000 rw-p 0000b000 08:03 2503602                    /lib/x86_64-linux-gnu/libnss_nis-2.15.so
7f3c3579f000-7f3c357b6000 r-xp 00000000 08:03 2511759                    /lib/x86_64-linux-gnu/libnsl-2.15.so
7f3c357b6000-7f3c359b5000 ---p 00017000 08:03 2511759                    /lib/x86_64-linux-gnu/libnsl-2.15.so
7f3c359b5000-7f3c359b6000 r--p 00016000 08:03 2511759                    /lib/x86_64-linux-gnu/libnsl-2.15.so
7f3c359b6000-7f3c359b7000 rw-p 00017000 08:03 2511759                    /lib/x86_64-linux-gnu/libnsl-2.15.so
7f3c359b7000-7f3c359b9000 rw-p 00000000 00:00 0 
7f3c359b9000-7f3c359c1000 r-xp 00000000 08:03 2511761                    /lib/x86_64-linux-gnu/libnss_compat-2.15.so
7f3c359c1000-7f3c35bc0000 ---p 00008000 08:03 2511761                    /lib/x86_64-linux-gnu/libnss_compat-2.15.so
7f3c35bc0000-7f3c35bc1000 r--p 00007000 08:03 2511761                    /lib/x86_64-linux-gnu/libnss_compat-2.15.so
7f3c35bc1000-7f3c35bc2000 rw-p 00008000 08:03 2511761                    /lib/x86_64-linux-gnu/libnss_compat-2.15.so
7f3c35bc2000-7f3c35beb000 r-xp 00000000 08:03 2511252                    /usr/lib/jvm/java-7-oracle/jre/lib/amd64/libjava.so
7f3c35beb000-7f3c35deb000 ---p 00029000 08:03 2511252                    /usr/lib/jvm/java-7-oracle/jre/lib/amd64/libjava.so
7f3c35deb000-7f3c35ded000 rw-p 00029000 08:03 2511252                    /usr/lib/jvm/java-7-oracle/jre/lib/amd64/libjava.so
7f3c35ded000-7f3c35dfa000 r-xp 00000000 08:03 2511226                    /usr/lib/jvm/java-7-oracle/jre/lib/amd64/libverify.so
7f3c35dfa000-7f3c35ff9000 ---p 0000d000 08:03 2511226                    /usr/lib/jvm/java-7-oracle/jre/lib/amd64/libverify.so
7f3c35ff9000-7f3c35ffb000 rw-p 0000c000 08:03 2511226                    /usr/lib/jvm/java-7-oracle/jre/lib/amd64/libverify.so
7f3c35ffb000-7f3c36002000 r-xp 00000000 08:03 2511745                    /lib/x86_64-linux-gnu/librt-2.15.so
7f3c36002000-7f3c36201000 ---p 00007000 08:03 2511745                    /lib/x86_64-linux-gnu/librt-2.15.so
7f3c36201000-7f3c36202000 r--p 00006000 08:03 2511745                    /lib/x86_64-linux-gnu/librt-2.15.so
7f3c36202000-7f3c36203000 rw-p 00007000 08:03 2511745                    /lib/x86_64-linux-gnu/librt-2.15.so
7f3c36203000-7f3c362fe000 r-xp 00000000 08:03 2511735                    /lib/x86_64-linux-gnu/libm-2.15.so
7f3c362fe000-7f3c364fd000 ---p 000fb000 08:03 2511735                    /lib/x86_64-linux-gnu/libm-2.15.so
7f3c364fd000-7f3c364fe000 r--p 000fa000 08:03 2511735                    /lib/x86_64-linux-gnu/libm-2.15.so
7f3c364fe000-7f3c364ff000 rw-p 000fb000 08:03 2511735                    /lib/x86_64-linux-gnu/libm-2.15.so
7f3c364ff000-7f3c37074000 r-xp 00000000 08:03 2511239                    /usr/lib/jvm/java-7-oracle/jre/lib/amd64/server/libjvm.so
7f3c37074000-7f3c37274000 ---p 00b75000 08:03 2511239                    /usr/lib/jvm/java-7-oracle/jre/lib/amd64/server/libjvm.so
7f3c37274000-7f3c37338000 rw-p 00b75000 08:03 2511239                    /usr/lib/jvm/java-7-oracle/jre/lib/amd64/server/libjvm.so
7f3c37338000-7f3c37379000 rw-p 00000000 00:00 0 
7f3c37379000-7f3c3752d000 r-xp 00000000 08:03 2511757                    /lib/x86_64-linux-gnu/libc-2.15.so
7f3c3752d000-7f3c3772c000 ---p 001b4000 08:03 2511757                    /lib/x86_64-linux-gnu/libc-2.15.so
7f3c3772c000-7f3c37730000 r--p 001b3000 08:03 2511757                    /lib/x86_64-linux-gnu/libc-2.15.so
7f3c37730000-7f3c37732000 rw-p 001b7000 08:03 2511757                    /lib/x86_64-linux-gnu/libc-2.15.so
7f3c37732000-7f3c37737000 rw-p 00000000 00:00 0 
7f3c37737000-7f3c37739000 r-xp 00000000 08:03 2511765                    /lib/x86_64-linux-gnu/libdl-2.15.so
7f3c37739000-7f3c37939000 ---p 00002000 08:03 2511765                    /lib/x86_64-linux-gnu/libdl-2.15.so
7f3c37939000-7f3c3793a000 r--p 00002000 08:03 2511765                    /lib/x86_64-linux-gnu/libdl-2.15.so
7f3c3793a000-7f3c3793b000 rw-p 00003000 08:03 2511765                    /lib/x86_64-linux-gnu/libdl-2.15.so
7f3c3793b000-7f3c37951000 r-xp 00000000 08:03 2795333                    /usr/lib/jvm/java-7-oracle/lib/amd64/jli/libjli.so
7f3c37951000-7f3c37b51000 ---p 00016000 08:03 2795333                    /usr/lib/jvm/java-7-oracle/lib/amd64/jli/libjli.so
7f3c37b51000-7f3c37b52000 rw-p 00016000 08:03 2795333                    /usr/lib/jvm/java-7-oracle/lib/amd64/jli/libjli.so
7f3c37b52000-7f3c37b6a000 r-xp 00000000 08:03 2511739                    /lib/x86_64-linux-gnu/libpthread-2.15.so
7f3c37b6a000-7f3c37d69000 ---p 00018000 08:03 2511739                    /lib/x86_64-linux-gnu/libpthread-2.15.so
7f3c37d69000-7f3c37d6a000 r--p 00017000 08:03 2511739                    /lib/x86_64-linux-gnu/libpthread-2.15.so
7f3c37d6a000-7f3c37d6b000 rw-p 00018000 08:03 2511739                    /lib/x86_64-linux-gnu/libpthread-2.15.so
7f3c37d6b000-7f3c37d6f000 rw-p 00000000 00:00 0 
7f3c37d6f000-7f3c37d91000 r-xp 00000000 08:03 2511743                    /lib/x86_64-linux-gnu/ld-2.15.so
7f3c37d96000-7f3c37db6000 rw-p 00000000 00:00 0 
7f3c37db6000-7f3c37e6c000 rw-p 00000000 00:00 0 
7f3c37e6c000-7f3c37e6f000 ---p 00000000 00:00 0 
7f3c37e6f000-7f3c37f72000 rw-p 00000000 00:00 0                          [stack:13758]
7f3c37f72000-7f3c37f76000 r--s 0008b000 08:03 2115477                    /usr/lib/jvm/java-7-oracle/jre/lib/jsse.jar
7f3c37f76000-7f3c37f85000 r--s 000dd000 08:03 2100851                    /opt/sdk/build-tools/21.1.2/lib/dx.jar
7f3c37f85000-7f3c37f8d000 rw-s 00000000 08:03 3430304                    /tmp/hsperfdata_james/13752
7f3c37f8d000-7f3c37f8e000 rw-p 00000000 00:00 0 
7f3c37f8e000-7f3c37f8f000 ---p 00000000 00:00 0 
7f3c37f8f000-7f3c37f91000 rw-p 00000000 00:00 0 
7f3c37f91000-7f3c37f92000 r--p 00022000 08:03 2511743                    /lib/x86_64-linux-gnu/ld-2.15.so
7f3c37f92000-7f3c37f94000 rw-p 00023000 08:03 2511743                    /lib/x86_64-linux-gnu/ld-2.15.so
7ffea6e25000-7ffea6e46000 rw-p 00000000 00:00 0                          [stack]
7ffea6e74000-7ffea6e76000 r-xp 00000000 00:00 0                          [vdso]
ffffffffff600000-ffffffffff601000 r-xp 00000000 00:00 0                  [vsyscall]

VM Arguments:
jvm_args: -Xmx1024M -Dfile.encoding=UTF-8 -Duser.country=US -Duser.language=en -Duser.variant 
java_command: com.android.dx.command.Main --dex --output /home/james/boolio-Android/app/build/intermediates/dex/debug /home/james/boolio-Android/app/build/intermediates/classes/debug /home/james/boolio-Android/app/build/intermediates/pre-dexed/debug/support-annotations-22.0.0-42df0f76ffc233937293b42deb0246cb66f444df.jar /home/james/boolio-Android/app/build/intermediates/pre-dexed/debug/classes-2ec891e94a797bdc86a63505770d38bd2ac9331e.jar /home/james/boolio-Android/app/build/intermediates/pre-dexed/debug/bolts-android-1.1.2-b25814cf8d2127f57e9e955d0211873d4cfafa46.jar /home/james/boolio-Android/app/build/intermediates/pre-dexed/debug/classes-460ca7921a32c4f345cbaeed79b3906eb935f28f.jar /home/james/boolio-Android/app/build/intermediates/pre-dexed/debug/classes-f8bdd8e7498dfa0e85394e54d99363e044692a8e.jar /home/james/boolio-Android/app/build/intermediates/pre-dexed/debug/library-1.0.15-a1ff2097750540d2229b59f39bbf876419341640.jar /home/james/boolio-Android/app/build/intermediates/pre-dexed/debug/internal_impl-22.0.0-489f5fed822d634d543ca1ecd120e0be812e239a.jar /home/james/boolio-Android/app/build/intermediates/pre-dexed/debug/android-sdk-s3-1.7.0-27ccb36a583202a21bcac9dd86f4f8efebc5584c.jar /home/james/boolio-Android/app/build/intermediates/pre-dexed/debug/classes-429a12a819772d82572f8e5b32c901668c6659b2.jar /home/james/boolio-Android/app/build/intermediates/pre-dexed/debug/classes-4b6061efdc59ebd3f925d5cb9c8ae64d1ad32815.jar /home/james/boolio-Android/app/build/intermediates/pre-dexed/debug/classes-8c0b0308c388f3cb0eb34c711d51cae7199af4c6.jar /home/james/boolio-Android/app/build/intermediates/pre-dexed/debug/android-sdk-core-1.7.0-e95a8531ff721c8a0c52fbd1908974e5f1e11cc7.jar
Launcher Type: SUN_STANDARD

Environment Variables:
CLASSPATH=/opt/android-studio/bin/../lib/bootstrap.jar:/opt/android-studio/bin/../lib/extensions.jar:/opt/android-studio/bin/../lib/util.jar:/opt/android-studio/bin/../lib/jdom.jar:/opt/android-studio/bin/../lib/log4j.jar:/opt/android-studio/bin/../lib/trove4j.jar:/opt/android-studio/bin/../lib/jna.jar:/usr/lib/jvm/java-7-oracle/lib/tools.jar
PATH=/usr/lib/lightdm/lightdm:/usr/local/sbin:/usr/local/bin:/usr/sbin:/usr/bin:/sbin:/bin:/usr/games
LD_LIBRARY_PATH=/opt/android-studio/bin:
SHELL=/bin/bash
DISPLAY=:0

Signal Handlers:
SIGSEGV: [libjvm.so+0x9a3bd0], sa_mask[0]=0x7ffbfeff, sa_flags=0x10000004
SIGBUS: [libjvm.so+0x9a3bd0], sa_mask[0]=0x7ffbfeff, sa_flags=0x10000004
SIGFPE: [libjvm.so+0x81cb60], sa_mask[0]=0x7ffbfeff, sa_flags=0x10000004
SIGPIPE: [libjvm.so+0x81cb60], sa_mask[0]=0x7ffbfeff, sa_flags=0x10000004
SIGXFSZ: [libjvm.so+0x81cb60], sa_mask[0]=0x7ffbfeff, sa_flags=0x10000004
SIGILL: [libjvm.so+0x81cb60], sa_mask[0]=0x7ffbfeff, sa_flags=0x10000004
SIGUSR1: SIG_DFL, sa_mask[0]=0x00000000, sa_flags=0x00000000
SIGUSR2: [libjvm.so+0x81e360], sa_mask[0]=0x00000004, sa_flags=0x10000004
SIGHUP: [libjvm.so+0x81f480], sa_mask[0]=0x7ffbfeff, sa_flags=0x10000004
SIGINT: [libjvm.so+0x81f480], sa_mask[0]=0x7ffbfeff, sa_flags=0x10000004
SIGTERM: [libjvm.so+0x81f480], sa_mask[0]=0x7ffbfeff, sa_flags=0x10000004
SIGQUIT: [libjvm.so+0x81f480], sa_mask[0]=0x7ffbfeff, sa_flags=0x10000004


---------------  S Y S T E M  ---------------

OS:wheezy/sid

uname:Linux 3.13.0-49-generic #81~precise1-Ubuntu SMP Wed Mar 25 16:32:15 UTC 2015 x86_64
libc:glibc 2.15 NPTL 2.15 
rlimit: STACK 8192k, CORE 0k, NPROC 63248, NOFILE 4096, AS infinity
load average:4.89 1.88 1.27

/proc/meminfo:
MemTotal:        8116828 kB
MemFree:          105816 kB
Buffers:            1852 kB
Cached:            91592 kB
SwapCached:            0 kB
Active:          7633488 kB
Inactive:          46084 kB
Active(anon):    7602996 kB
Inactive(anon):    20948 kB
Active(file):      30492 kB
Inactive(file):    25136 kB
Unevictable:         176 kB
Mlocked:             176 kB
SwapTotal:             0 kB
SwapFree:              0 kB
Dirty:              1984 kB
Writeback:             0 kB
AnonPages:       7586840 kB
Mapped:           136044 kB
Shmem:             37340 kB
Slab:              85420 kB
SReclaimable:      38068 kB
SUnreclaim:        47352 kB
KernelStack:        7680 kB
PageTables:        77392 kB
NFS_Unstable:          0 kB
Bounce:                0 kB
WritebackTmp:          0 kB
CommitLimit:     4058412 kB
Committed_AS:   15700304 kB
VmallocTotal:   34359738367 kB
VmallocUsed:      119412 kB
VmallocChunk:   34359613948 kB
HardwareCorrupted:     0 kB
AnonHugePages:   2701312 kB
HugePages_Total:       0
HugePages_Free:        0
HugePages_Rsvd:        0
HugePages_Surp:        0
Hugepagesize:       2048 kB
DirectMap4k:      304948 kB
DirectMap2M:     8024064 kB


CPU:total 4 (2 cores per cpu, 2 threads per core) family 6 model 58 stepping 9, cmov, cx8, fxsr, mmx, sse, sse2, sse3, ssse3, sse4.1, sse4.2, popcnt, avx, aes, erms, ht, tsc, tscinvbit, tscinv

/proc/cpuinfo:
processor	: 0
vendor_id	: GenuineIntel
cpu family	: 6
model		: 58
model name	: Intel(R) Core(TM) i7-3540M CPU @ 3.00GHz
stepping	: 9
microcode	: 0x15
cpu MHz		: 1200.000
cache size	: 4096 KB
physical id	: 0
siblings	: 4
core id		: 0
cpu cores	: 2
apicid		: 0
initial apicid	: 0
fpu		: yes
fpu_exception	: yes
cpuid level	: 13
wp		: yes
flags		: fpu vme de pse tsc msr pae mce cx8 apic sep mtrr pge mca cmov pat pse36 clflush dts acpi mmx fxsr sse sse2 ss ht tm pbe syscall nx rdtscp lm constant_tsc arch_perfmon pebs bts rep_good nopl xtopology nonstop_tsc aperfmperf eagerfpu pni pclmulqdq dtes64 monitor ds_cpl vmx smx est tm2 ssse3 cx16 xtpr pdcm pcid sse4_1 sse4_2 x2apic popcnt tsc_deadline_timer aes xsave avx f16c rdrand lahf_lm ida arat epb xsaveopt pln pts dtherm tpr_shadow vnmi flexpriority ept vpid fsgsbase smep erms
bogomips	: 5980.61
clflush size	: 64
cache_alignment	: 64
address sizes	: 36 bits physical, 48 bits virtual
power management:

processor	: 1
vendor_id	: GenuineIntel
cpu family	: 6
model		: 58
model name	: Intel(R) Core(TM) i7-3540M CPU @ 3.00GHz
stepping	: 9
microcode	: 0x15
cpu MHz		: 3001.000
cache size	: 4096 KB
physical id	: 0
siblings	: 4
core id		: 1
cpu cores	: 2
apicid		: 2
initial apicid	: 2
fpu		: yes
fpu_exception	: yes
cpuid level	: 13
wp		: yes
flags		: fpu vme de pse tsc msr pae mce cx8 apic sep mtrr pge mca cmov pat pse36 clflush dts acpi mmx fxsr sse sse2 ss ht tm pbe syscall nx rdtscp lm constant_tsc arch_perfmon pebs bts rep_good nopl xtopology nonstop_tsc aperfmperf eagerfpu pni pclmulqdq dtes64 monitor ds_cpl vmx smx est tm2 ssse3 cx16 xtpr pdcm pcid sse4_1 sse4_2 x2apic popcnt tsc_deadline_timer aes xsave avx f16c rdrand lahf_lm ida arat epb xsaveopt pln pts dtherm tpr_shadow vnmi flexpriority ept vpid fsgsbase smep erms
bogomips	: 5980.61
clflush size	: 64
cache_alignment	: 64
address sizes	: 36 bits physical, 48 bits virtual
power management:

processor	: 2
vendor_id	: GenuineIntel
cpu family	: 6
model		: 58
model name	: Intel(R) Core(TM) i7-3540M CPU @ 3.00GHz
stepping	: 9
microcode	: 0x15
cpu MHz		: 3001.000
cache size	: 4096 KB
physical id	: 0
siblings	: 4
core id		: 0
cpu cores	: 2
apicid		: 1
initial apicid	: 1
fpu		: yes
fpu_exception	: yes
cpuid level	: 13
wp		: yes
flags		: fpu vme de pse tsc msr pae mce cx8 apic sep mtrr pge mca cmov pat pse36 clflush dts acpi mmx fxsr sse sse2 ss ht tm pbe syscall nx rdtscp lm constant_tsc arch_perfmon pebs bts rep_good nopl xtopology nonstop_tsc aperfmperf eagerfpu pni pclmulqdq dtes64 monitor ds_cpl vmx smx est tm2 ssse3 cx16 xtpr pdcm pcid sse4_1 sse4_2 x2apic popcnt tsc_deadline_timer aes xsave avx f16c rdrand lahf_lm ida arat epb xsaveopt pln pts dtherm tpr_shadow vnmi flexpriority ept vpid fsgsbase smep erms
bogomips	: 5980.61
clflush size	: 64
cache_alignment	: 64
address sizes	: 36 bits physical, 48 bits virtual
power management:

processor	: 3
vendor_id	: GenuineIntel
cpu family	: 6
model		: 58
model name	: Intel(R) Core(TM) i7-3540M CPU @ 3.00GHz
stepping	: 9
microcode	: 0x15
cpu MHz		: 3001.000
cache size	: 4096 KB
physical id	: 0
siblings	: 4
core id		: 1
cpu cores	: 2
apicid		: 3
initial apicid	: 3
fpu		: yes
fpu_exception	: yes
cpuid level	: 13
wp		: yes
flags		: fpu vme de pse tsc msr pae mce cx8 apic sep mtrr pge mca cmov pat pse36 clflush dts acpi mmx fxsr sse sse2 ss ht tm pbe syscall nx rdtscp lm constant_tsc arch_perfmon pebs bts rep_good nopl xtopology nonstop_tsc aperfmperf eagerfpu pni pclmulqdq dtes64 monitor ds_cpl vmx smx est tm2 ssse3 cx16 xtpr pdcm pcid sse4_1 sse4_2 x2apic popcnt tsc_deadline_timer aes xsave avx f16c rdrand lahf_lm ida arat epb xsaveopt pln pts dtherm tpr_shadow vnmi flexpriority ept vpid fsgsbase smep erms
bogomips	: 5980.61
clflush size	: 64
cache_alignment	: 64
address sizes	: 36 bits physical, 48 bits virtual
power management:



Memory: 4k page, physical 8116828k(105816k free), swap 0k(0k free)

vm_info: Java HotSpot(TM) 64-Bit Server VM (24.76-b04) for linux-amd64 JRE (1.7.0_76-b13), built on Dec 18 2014 16:58:39 by "java_re" with gcc 4.3.0 20080428 (Red Hat 4.3.0-8)

time: Mon Apr 20 22:38:14 2015
elapsed time: 3 seconds

