#
# There is insufficient memory for the Java Runtime Environment to continue.
# Native memory allocation (malloc) failed to allocate 33030144 bytes for committing reserved memory.
# Possible reasons:
#   The system is out of physical RAM or swap space
#   In 32 bit mode, the process size limit was hit
# Possible solutions:
#   Reduce memory load on the system
#   Increase physical memory or swap space
#   Check if swap backing store is full
#   Use 64 bit Java on a 64 bit OS
#   Decrease Java heap size (-Xmx/-Xms)
#   Decrease number of Java threads
#   Decrease Java thread stack sizes (-Xss)
#   Set larger code cache with -XX:ReservedCodeCacheSize=
# This output file may be truncated or incomplete.
#
#  Out of Memory Error (os_linux.cpp:2756), pid=14001, tid=140268813666048
#
# JRE version: Java(TM) SE Runtime Environment (7.0_76-b13) (build 1.7.0_76-b13)
# Java VM: Java HotSpot(TM) 64-Bit Server VM (24.76-b04 mixed mode linux-amd64 compressed oops)
# Failed to write core dump. Core dumps have been disabled. To enable core dumping, try "ulimit -c unlimited" before starting Java again
#

---------------  T H R E A D  ---------------

Current thread (0x00007f92e406a800):  VMThread [stack: 0x00007f92e0bfc000,0x00007f92e0cfd000] [id=14011]

Stack: [0x00007f92e0bfc000,0x00007f92e0cfd000],  sp=0x00007f92e0cfb090,  free space=1020k
Native frames: (J=compiled Java code, j=interpreted, Vv=VM code, C=native code)
V  [libjvm.so+0x9a32ba]  VMError::report_and_die()+0x2ea
V  [libjvm.so+0x497f7b]  report_vm_out_of_memory(char const*, int, unsigned long, char const*)+0x9b
V  [libjvm.so+0x81fcce]  os::Linux::commit_memory_impl(char*, unsigned long, bool)+0xfe
V  [libjvm.so+0x820219]  os::pd_commit_memory(char*, unsigned long, unsigned long, bool)+0x29
V  [libjvm.so+0x819faa]  os::commit_memory(char*, unsigned long, unsigned long, bool)+0x2a
V  [libjvm.so+0x88d843]  PSVirtualSpace::expand_by(unsigned long)+0x53
V  [libjvm.so+0x88ec18]  PSYoungGen::resize_generation(unsigned long, unsigned long)+0xf8
V  [libjvm.so+0x88dd82]  PSYoungGen::resize(unsigned long, unsigned long)+0x22
V  [libjvm.so+0x88b13d]  PSScavenge::invoke_no_policy()+0xf3d
V  [libjvm.so+0x88b981]  PSScavenge::invoke()+0x41
V  [libjvm.so+0x842300]  ParallelScavengeHeap::failed_mem_allocate(unsigned long)+0x70
V  [libjvm.so+0x9a4b47]  VM_ParallelGCFailedAllocation::doit()+0x97
V  [libjvm.so+0x9abfe5]  VM_Operation::evaluate()+0x55
V  [libjvm.so+0x9aa3aa]  VMThread::evaluate_operation(VM_Operation*)+0xba
V  [libjvm.so+0x9aa72e]  VMThread::loop()+0x1ce
V  [libjvm.so+0x9aaba0]  VMThread::run()+0x70
V  [libjvm.so+0x821ca8]  java_start(Thread*)+0x108

VM_Operation (0x00007f92ec87c750): ParallelGCFailedAllocation, mode: safepoint, requested by thread 0x00007f92e400b000


---------------  P R O C E S S  ---------------

Java Threads: ( => current thread )
  0x00007f92e4099800 JavaThread "Service Thread" daemon [_thread_blocked, id=14017, stack(0x00007f92d9a6d000,0x00007f92d9b6e000)]
  0x00007f92e4097800 JavaThread "C2 CompilerThread1" daemon [_thread_blocked, id=14016, stack(0x00007f92d9b6e000,0x00007f92d9c6f000)]
  0x00007f92e4094800 JavaThread "C2 CompilerThread0" daemon [_thread_blocked, id=14015, stack(0x00007f92d9c6f000,0x00007f92d9d70000)]
  0x00007f92e4092800 JavaThread "Signal Dispatcher" daemon [_thread_blocked, id=14014, stack(0x00007f92e00e4000,0x00007f92e01e5000)]
  0x00007f92e4071000 JavaThread "Finalizer" daemon [_thread_blocked, id=14013, stack(0x00007f92e09fa000,0x00007f92e0afb000)]
  0x00007f92e406f000 JavaThread "Reference Handler" daemon [_thread_blocked, id=14012, stack(0x00007f92e0afb000,0x00007f92e0bfc000)]
  0x00007f92e400b000 JavaThread "main" [_thread_blocked, id=14006, stack(0x00007f92ec77e000,0x00007f92ec87f000)]

Other Threads:
=>0x00007f92e406a800 VMThread [stack: 0x00007f92e0bfc000,0x00007f92e0cfd000] [id=14011]
  0x00007f92e40a4000 WatcherThread [stack: 0x00007f92d996c000,0x00007f92d9a6d000] [id=14018]

VM state:at safepoint (normal execution)

VM Mutex/Monitor currently owned by a thread:  ([mutex/lock_event])
[0x00007f92e40070f0] Threads_lock - owner thread: 0x00007f92e406a800
[0x00007f92e40075f0] Heap_lock - owner thread: 0x00007f92e400b000

Heap
 PSYoungGen      total 37376K, used 5106K [0x00000000eaa80000, 0x00000000ed400000, 0x0000000100000000)
  eden space 32256K, 0% used [0x00000000eaa80000,0x00000000eaa80000,0x00000000eca00000)
  from space 5120K, 99% used [0x00000000eca00000,0x00000000ecefc9f0,0x00000000ecf00000)
  to   space 5120K, 0% used [0x00000000ecf00000,0x00000000ecf00000,0x00000000ed400000)
 ParOldGen       total 84480K, used 2286K [0x00000000c0000000, 0x00000000c5280000, 0x00000000eaa80000)
  object space 84480K, 2% used [0x00000000c0000000,0x00000000c023bb98,0x00000000c5280000)
 PSPermGen       total 21504K, used 5122K [0x00000000bae00000, 0x00000000bc300000, 0x00000000c0000000)
  object space 21504K, 23% used [0x00000000bae00000,0x00000000bb300b78,0x00000000bc300000)

Card table byte_map: [0x00007f92e9853000,0x00007f92e9a7d000] byte_map_base: 0x00007f92e927c000

Polling page: 0x00007f92ec8a0000

Code Cache  [0x00007f92e1000000, 0x00007f92e1270000, 0x00007f92e4000000)
 total_blobs=461 nmethods=252 adapters=162 free_code_cache=48111Kb largest_free_block=49239232

Compilation events (10 events):
Event: 2.213 Thread 0x00007f92e4097800 nmethod 248 0x00007f92e10fea50 code [0x00007f92e10feba0, 0x00007f92e10fecf8]
Event: 2.213 Thread 0x00007f92e4097800  250             com.android.dx.util.LabeledList::set (45 bytes)
Event: 2.213 Thread 0x00007f92e4094800 nmethod 249 0x00007f92e10fdf50 code [0x00007f92e10fe0e0, 0x00007f92e10fe4e8]
Event: 2.213 Thread 0x00007f92e4094800  251             com.android.dx.rop.code.CstInsn::getConstant (5 bytes)
Event: 2.213 Thread 0x00007f92e4094800 nmethod 251 0x00007f92e10e1990 code [0x00007f92e10e1ac0, 0x00007f92e10e1b18]
Event: 2.215 Thread 0x00007f92e4097800 nmethod 250 0x00007f92e10e98d0 code [0x00007f92e10e9a60, 0x00007f92e10e9cb8]
Event: 2.413 Thread 0x00007f92e4097800  253             java.lang.String::getChars (62 bytes)
Event: 2.413 Thread 0x00007f92e4094800  252             java.lang.AbstractStringBuilder::append (48 bytes)
Event: 2.459 Thread 0x00007f92e4097800 nmethod 253 0x00007f92e10e94d0 code [0x00007f92e10e9620, 0x00007f92e10e9758]
Event: 2.459 Thread 0x00007f92e4097800  254             com.android.dx.ssa.SsaRenamer$BlockRenamer::process (191 bytes)

GC Heap History (1 events):
Event: 2.492 GC heap before
{Heap before GC invocations=1 (full 0):
 PSYoungGen      total 37376K, used 32256K [0x00000000eaa80000, 0x00000000ed400000, 0x0000000100000000)
  eden space 32256K, 100% used [0x00000000eaa80000,0x00000000eca00000,0x00000000eca00000)
  from space 5120K, 0% used [0x00000000ecf00000,0x00000000ecf00000,0x00000000ed400000)
  to   space 5120K, 0% used [0x00000000eca00000,0x00000000eca00000,0x00000000ecf00000)
 ParOldGen       total 84480K, used 0K [0x00000000c0000000, 0x00000000c5280000, 0x00000000eaa80000)
  object space 84480K, 0% used [0x00000000c0000000,0x00000000c0000000,0x00000000c5280000)
 PSPermGen       total 21504K, used 5122K [0x00000000bae00000, 0x00000000bc300000, 0x00000000c0000000)
  object space 21504K, 23% used [0x00000000bae00000,0x00000000bb300b78,0x00000000bc300000)

Deoptimization events (10 events):
Event: 1.479 Thread 0x00007f92e400b000 Uncommon trap: reason=null_check action=make_not_entrant pc=0x00007f92e10c53f0 method=com.android.dx.rop.code.RegisterSpec.equals(Ljava/lang/Object;)Z @ 1
Event: 1.501 Thread 0x00007f92e400b000 Uncommon trap: reason=null_check action=make_not_entrant pc=0x00007f92e10ce54c method=com.android.dx.rop.type.Type.putIntern(Lcom/android/dx/rop/type/Type;)Lcom/android/dx/rop/type/Type; @ 18
Event: 1.824 Thread 0x00007f92e400b000 Uncommon trap: reason=class_check action=maybe_recompile pc=0x00007f92e1099bf8 method=java.util.HashMap.put(Ljava/lang/Object;Ljava/lang/Object;)Ljava/lang/Object; @ 83
Event: 1.829 Thread 0x00007f92e400b000 Uncommon trap: reason=class_check action=maybe_recompile pc=0x00007f92e1099bf8 method=java.util.HashMap.put(Ljava/lang/Object;Ljava/lang/Object;)Ljava/lang/Object; @ 83
Event: 1.829 Thread 0x00007f92e400b000 Uncommon trap: reason=unreached action=reinterpret pc=0x00007f92e1069e84 method=com.android.dx.rop.cst.Constant.compareTo(Lcom/android/dx/rop/cst/Constant;)I @ 12
Event: 1.863 Thread 0x00007f92e400b000 Uncommon trap: reason=unreached action=reinterpret pc=0x00007f92e10ecaf4 method=com.android.dx.rop.code.LocalVariableExtractor.processBlock(I)V @ 195
Event: 1.883 Thread 0x00007f92e400b000 Uncommon trap: reason=class_check action=maybe_recompile pc=0x00007f92e1099bf8 method=java.util.HashMap.put(Ljava/lang/Object;Ljava/lang/Object;)Ljava/lang/Object; @ 83
Event: 1.942 Thread 0x00007f92e400b000 Uncommon trap: reason=null_check action=make_not_entrant pc=0x00007f92e10f0edc method=com.android.dx.dex.file.MethodIdsSection.intern(Lcom/android/dx/rop/cst/CstBaseMethodRef;)Lcom/android/dx/dex/file/MethodIdItem; @ 26
Event: 2.003 Thread 0x00007f92e400b000 Uncommon trap: reason=null_check action=make_not_entrant pc=0x00007f92e10c9c34 method=com.android.dx.ssa.SsaRenamer.getLocalForNewReg(I)Lcom/android/dx/rop/code/LocalItem; @ 19
Event: 2.295 Thread 0x00007f92e400b000 Uncommon trap: reason=unloaded action=reinterpret pc=0x00007f92e10e3e5c method=com.android.dx.cf.cst.ConstantPoolParser.parse0(ILjava/util/BitSet;)Lcom/android/dx/rop/cst/Constant; @ 220

Internal exceptions (10 events):
Event: 1.425 Thread 0x00007f92e400b000 Threw 0x00000000ec000bc8 at /HUDSON/workspace/7u-2-build-linux-amd64/jdk7u76/1941/hotspot/src/share/vm/prims/jvm.cpp:1304
Event: 1.435 Thread 0x00007f92e400b000 Threw 0x00000000ec00a9a0 at /HUDSON/workspace/7u-2-build-linux-amd64/jdk7u76/1941/hotspot/src/share/vm/prims/jvm.cpp:1304
Event: 1.437 Thread 0x00007f92e400b000 Threw 0x00000000ec00cd68 at /HUDSON/workspace/7u-2-build-linux-amd64/jdk7u76/1941/hotspot/src/share/vm/prims/jvm.cpp:1304
Event: 1.448 Thread 0x00007f92e400b000 Threw 0x00000000ec06d820 at /HUDSON/workspace/7u-2-build-linux-amd64/jdk7u76/1941/hotspot/src/share/vm/prims/jvm.cpp:1304
Event: 1.452 Thread 0x00007f92e400b000 Threw 0x00000000ec072fa8 at /HUDSON/workspace/7u-2-build-linux-amd64/jdk7u76/1941/hotspot/src/share/vm/prims/jvm.cpp:1304
Event: 1.459 Thread 0x00007f92e400b000 Threw 0x00000000ec0783d8 at /HUDSON/workspace/7u-2-build-linux-amd64/jdk7u76/1941/hotspot/src/share/vm/prims/jvm.cpp:1304
Event: 1.479 Thread 0x00007f92e400b000 Implicit null exception at 0x00007f92e10c439b to 0x00007f92e10c53c5
Event: 1.500 Thread 0x00007f92e400b000 Implicit null exception at 0x00007f92e10cde13 to 0x00007f92e10ce53d
Event: 1.903 Thread 0x00007f92e400b000 Implicit null exception at 0x00007f92e10f0598 to 0x00007f92e10f0ecd
Event: 2.003 Thread 0x00007f92e400b000 Implicit null exception at 0x00007f92e10c879e to 0x00007f92e10c9c09

Events (10 events):
Event: 1.931 Thread 0x00007f92e400b000 Uncommon trap: trap_request=0xfffffff4 fr.pc=0x00007f92e10f0edc
Event: 1.942 Thread 0x00007f92e400b000 DEOPT PACKING pc=0x00007f92e10f0edc sp=0x00007f92ec87cc90
Event: 1.942 Thread 0x00007f92e400b000 DEOPT UNPACKING pc=0x00007f92e1039445 sp=0x00007f92ec87cbe8 mode 2
Event: 2.003 Thread 0x00007f92e400b000 Uncommon trap: trap_request=0xfffffff4 fr.pc=0x00007f92e10c9c34
Event: 2.003 Thread 0x00007f92e400b000 DEOPT PACKING pc=0x00007f92e10c9c34 sp=0x00007f92ec87c810
Event: 2.003 Thread 0x00007f92e400b000 DEOPT UNPACKING pc=0x00007f92e1039445 sp=0x00007f92ec87c5a8 mode 2
Event: 2.284 Thread 0x00007f92e400b000 Uncommon trap: trap_request=0x000000d2 fr.pc=0x00007f92e10e3e5c
Event: 2.317 Thread 0x00007f92e400b000 DEOPT PACKING pc=0x00007f92e10e3e5c sp=0x00007f92ec87cbc0
Event: 2.317 Thread 0x00007f92e400b000 DEOPT UNPACKING pc=0x00007f92e1039445 sp=0x00007f92ec87cb60 mode 2
Event: 2.463 Executing VM operation: ParallelGCFailedAllocation


Dynamic libraries:
00400000-00401000 r-xp 00000000 08:03 2115582                            /usr/lib/jvm/java-7-oracle/bin/java
00600000-00601000 rw-p 00000000 08:03 2115582                            /usr/lib/jvm/java-7-oracle/bin/java
01d25000-01d46000 rw-p 00000000 00:00 0                                  [heap]
bae00000-bc300000 rw-p 00000000 00:00 0 
bc300000-c0000000 rw-p 00000000 00:00 0 
c0000000-c5280000 rw-p 00000000 00:00 0 
c5280000-eaa80000 rw-p 00000000 00:00 0 
eaa80000-ed400000 rw-p 00000000 00:00 0 
ef380000-100000000 rw-p 00000000 00:00 0 
7f92a4000000-7f92a4021000 rw-p 00000000 00:00 0 
7f92a4021000-7f92a8000000 ---p 00000000 00:00 0 
7f92ac000000-7f92ac6a2000 rw-p 00000000 00:00 0 
7f92ac6a2000-7f92b0000000 ---p 00000000 00:00 0 
7f92b0000000-7f92b0021000 rw-p 00000000 00:00 0 
7f92b0021000-7f92b4000000 ---p 00000000 00:00 0 
7f92b4000000-7f92b4021000 rw-p 00000000 00:00 0 
7f92b4021000-7f92b8000000 ---p 00000000 00:00 0 
7f92b8000000-7f92b858a000 rw-p 00000000 00:00 0 
7f92b858a000-7f92bc000000 ---p 00000000 00:00 0 
7f92bc000000-7f92bc021000 rw-p 00000000 00:00 0 
7f92bc021000-7f92c0000000 ---p 00000000 00:00 0 
7f92c0000000-7f92c0021000 rw-p 00000000 00:00 0 
7f92c0021000-7f92c4000000 ---p 00000000 00:00 0 
7f92c4000000-7f92c4021000 rw-p 00000000 00:00 0 
7f92c4021000-7f92c8000000 ---p 00000000 00:00 0 
7f92c8000000-7f92c8021000 rw-p 00000000 00:00 0 
7f92c8021000-7f92cc000000 ---p 00000000 00:00 0 
7f92cc000000-7f92cc021000 rw-p 00000000 00:00 0 
7f92cc021000-7f92d0000000 ---p 00000000 00:00 0 
7f92d4000000-7f92d4021000 rw-p 00000000 00:00 0 
7f92d4021000-7f92d8000000 ---p 00000000 00:00 0 
7f92d97ff000-7f92d996c000 rw-p 00000000 00:00 0 
7f92d996c000-7f92d996d000 ---p 00000000 00:00 0 
7f92d996d000-7f92d9a6d000 rw-p 00000000 00:00 0                          [stack:14018]
7f92d9a6d000-7f92d9a70000 ---p 00000000 00:00 0 
7f92d9a70000-7f92d9b6e000 rw-p 00000000 00:00 0                          [stack:14017]
7f92d9b6e000-7f92d9b71000 ---p 00000000 00:00 0 
7f92d9b71000-7f92d9c6f000 rw-p 00000000 00:00 0                          [stack:14016]
7f92d9c6f000-7f92d9c72000 ---p 00000000 00:00 0 
7f92d9c72000-7f92dc000000 rw-p 00000000 00:00 0                          [stack:14015]
7f92dc000000-7f92dc021000 rw-p 00000000 00:00 0 
7f92dc021000-7f92e0000000 ---p 00000000 00:00 0 
7f92e00e4000-7f92e00e7000 ---p 00000000 00:00 0 
7f92e00e7000-7f92e01e5000 rw-p 00000000 00:00 0                          [stack:14014]
7f92e01e5000-7f92e09fa000 r--p 00000000 08:03 1579746                    /usr/lib/locale/locale-archive
7f92e09fa000-7f92e09fd000 ---p 00000000 00:00 0 
7f92e09fd000-7f92e0afb000 rw-p 00000000 00:00 0                          [stack:14013]
7f92e0afb000-7f92e0afe000 ---p 00000000 00:00 0 
7f92e0afe000-7f92e0bfc000 rw-p 00000000 00:00 0                          [stack:14012]
7f92e0bfc000-7f92e0bfd000 ---p 00000000 00:00 0 
7f92e0bfd000-7f92e1000000 rw-p 00000000 00:00 0                          [stack:14011]
7f92e1000000-7f92e1270000 rwxp 00000000 00:00 0 
7f92e1270000-7f92e41c5000 rw-p 00000000 00:00 0 
7f92e41c5000-7f92e8000000 ---p 00000000 00:00 0 
7f92e8018000-7f92e8def000 rw-p 00000000 00:00 0 
7f92e8def000-7f92e8fae000 r--s 039f0000 08:03 2115523                    /usr/lib/jvm/java-7-oracle/jre/lib/rt.jar
7f92e8fae000-7f92e92d0000 rw-p 00000000 00:00 0 
7f92e92d0000-7f92e92d1000 ---p 00000000 00:00 0 
7f92e92d1000-7f92e93d1000 rw-p 00000000 00:00 0                          [stack:14010]
7f92e93d1000-7f92e93d2000 ---p 00000000 00:00 0 
7f92e93d2000-7f92e94d2000 rw-p 00000000 00:00 0                          [stack:14009]
7f92e94d2000-7f92e94d3000 ---p 00000000 00:00 0 
7f92e94d3000-7f92e95d3000 rw-p 00000000 00:00 0                          [stack:14008]
7f92e95d3000-7f92e95d4000 ---p 00000000 00:00 0 
7f92e95d4000-7f92e96df000 rw-p 00000000 00:00 0                          [stack:14007]
7f92e96df000-7f92e96fd000 rw-p 00000000 00:00 0 
7f92e96fd000-7f92e9727000 rw-p 00000000 00:00 0 
7f92e9727000-7f92e9853000 rw-p 00000000 00:00 0 
7f92e9853000-7f92e985e000 rw-p 00000000 00:00 0 
7f92e985e000-7f92e987c000 rw-p 00000000 00:00 0 
7f92e987c000-7f92e98a6000 rw-p 00000000 00:00 0 
7f92e98a6000-7f92e99d1000 rw-p 00000000 00:00 0 
7f92e99d1000-7f92e99e6000 rw-p 00000000 00:00 0 
7f92e99e6000-7f92e9a7c000 rw-p 00000000 00:00 0 
7f92e9a7c000-7f92e9a7d000 rw-p 00000000 00:00 0 
7f92e9a7d000-7f92e9a97000 r-xp 00000000 08:03 2511246                    /usr/lib/jvm/java-7-oracle/jre/lib/amd64/libzip.so
7f92e9a97000-7f92e9c97000 ---p 0001a000 08:03 2511246                    /usr/lib/jvm/java-7-oracle/jre/lib/amd64/libzip.so
7f92e9c97000-7f92e9c98000 rw-p 0001a000 08:03 2511246                    /usr/lib/jvm/java-7-oracle/jre/lib/amd64/libzip.so
7f92e9c98000-7f92e9ca4000 r-xp 00000000 08:03 2511741                    /lib/x86_64-linux-gnu/libnss_files-2.15.so
7f92e9ca4000-7f92e9ea3000 ---p 0000c000 08:03 2511741                    /lib/x86_64-linux-gnu/libnss_files-2.15.so
7f92e9ea3000-7f92e9ea4000 r--p 0000b000 08:03 2511741                    /lib/x86_64-linux-gnu/libnss_files-2.15.so
7f92e9ea4000-7f92e9ea5000 rw-p 0000c000 08:03 2511741                    /lib/x86_64-linux-gnu/libnss_files-2.15.so
7f92e9ea5000-7f92e9eaf000 r-xp 00000000 08:03 2503602                    /lib/x86_64-linux-gnu/libnss_nis-2.15.so
7f92e9eaf000-7f92ea0af000 ---p 0000a000 08:03 2503602                    /lib/x86_64-linux-gnu/libnss_nis-2.15.so
7f92ea0af000-7f92ea0b0000 r--p 0000a000 08:03 2503602                    /lib/x86_64-linux-gnu/libnss_nis-2.15.so
7f92ea0b0000-7f92ea0b1000 rw-p 0000b000 08:03 2503602                    /lib/x86_64-linux-gnu/libnss_nis-2.15.so
7f92ea0b1000-7f92ea0c8000 r-xp 00000000 08:03 2511759                    /lib/x86_64-linux-gnu/libnsl-2.15.so
7f92ea0c8000-7f92ea2c7000 ---p 00017000 08:03 2511759                    /lib/x86_64-linux-gnu/libnsl-2.15.so
7f92ea2c7000-7f92ea2c8000 r--p 00016000 08:03 2511759                    /lib/x86_64-linux-gnu/libnsl-2.15.so
7f92ea2c8000-7f92ea2c9000 rw-p 00017000 08:03 2511759                    /lib/x86_64-linux-gnu/libnsl-2.15.so
7f92ea2c9000-7f92ea2cb000 rw-p 00000000 00:00 0 
7f92ea2cb000-7f92ea2d3000 r-xp 00000000 08:03 2511761                    /lib/x86_64-linux-gnu/libnss_compat-2.15.so
7f92ea2d3000-7f92ea4d2000 ---p 00008000 08:03 2511761                    /lib/x86_64-linux-gnu/libnss_compat-2.15.so
7f92ea4d2000-7f92ea4d3000 r--p 00007000 08:03 2511761                    /lib/x86_64-linux-gnu/libnss_compat-2.15.so
7f92ea4d3000-7f92ea4d4000 rw-p 00008000 08:03 2511761                    /lib/x86_64-linux-gnu/libnss_compat-2.15.so
7f92ea4d4000-7f92ea4fd000 r-xp 00000000 08:03 2511252                    /usr/lib/jvm/java-7-oracle/jre/lib/amd64/libjava.so
7f92ea4fd000-7f92ea6fd000 ---p 00029000 08:03 2511252                    /usr/lib/jvm/java-7-oracle/jre/lib/amd64/libjava.so
7f92ea6fd000-7f92ea6ff000 rw-p 00029000 08:03 2511252                    /usr/lib/jvm/java-7-oracle/jre/lib/amd64/libjava.so
7f92ea6ff000-7f92ea70c000 r-xp 00000000 08:03 2511226                    /usr/lib/jvm/java-7-oracle/jre/lib/amd64/libverify.so
7f92ea70c000-7f92ea90b000 ---p 0000d000 08:03 2511226                    /usr/lib/jvm/java-7-oracle/jre/lib/amd64/libverify.so
7f92ea90b000-7f92ea90d000 rw-p 0000c000 08:03 2511226                    /usr/lib/jvm/java-7-oracle/jre/lib/amd64/libverify.so
7f92ea90d000-7f92ea914000 r-xp 00000000 08:03 2511745                    /lib/x86_64-linux-gnu/librt-2.15.so
7f92ea914000-7f92eab13000 ---p 00007000 08:03 2511745                    /lib/x86_64-linux-gnu/librt-2.15.so
7f92eab13000-7f92eab14000 r--p 00006000 08:03 2511745                    /lib/x86_64-linux-gnu/librt-2.15.so
7f92eab14000-7f92eab15000 rw-p 00007000 08:03 2511745                    /lib/x86_64-linux-gnu/librt-2.15.so
7f92eab15000-7f92eac10000 r-xp 00000000 08:03 2511735                    /lib/x86_64-linux-gnu/libm-2.15.so
7f92eac10000-7f92eae0f000 ---p 000fb000 08:03 2511735                    /lib/x86_64-linux-gnu/libm-2.15.so
7f92eae0f000-7f92eae10000 r--p 000fa000 08:03 2511735                    /lib/x86_64-linux-gnu/libm-2.15.so
7f92eae10000-7f92eae11000 rw-p 000fb000 08:03 2511735                    /lib/x86_64-linux-gnu/libm-2.15.so
7f92eae11000-7f92eb986000 r-xp 00000000 08:03 2511239                    /usr/lib/jvm/java-7-oracle/jre/lib/amd64/server/libjvm.so
7f92eb986000-7f92ebb86000 ---p 00b75000 08:03 2511239                    /usr/lib/jvm/java-7-oracle/jre/lib/amd64/server/libjvm.so
7f92ebb86000-7f92ebc4a000 rw-p 00b75000 08:03 2511239                    /usr/lib/jvm/java-7-oracle/jre/lib/amd64/server/libjvm.so
7f92ebc4a000-7f92ebc8b000 rw-p 00000000 00:00 0 
7f92ebc8b000-7f92ebe3f000 r-xp 00000000 08:03 2511757                    /lib/x86_64-linux-gnu/libc-2.15.so
7f92ebe3f000-7f92ec03e000 ---p 001b4000 08:03 2511757                    /lib/x86_64-linux-gnu/libc-2.15.so
7f92ec03e000-7f92ec042000 r--p 001b3000 08:03 2511757                    /lib/x86_64-linux-gnu/libc-2.15.so
7f92ec042000-7f92ec044000 rw-p 001b7000 08:03 2511757                    /lib/x86_64-linux-gnu/libc-2.15.so
7f92ec044000-7f92ec049000 rw-p 00000000 00:00 0 
7f92ec049000-7f92ec04b000 r-xp 00000000 08:03 2511765                    /lib/x86_64-linux-gnu/libdl-2.15.so
7f92ec04b000-7f92ec24b000 ---p 00002000 08:03 2511765                    /lib/x86_64-linux-gnu/libdl-2.15.so
7f92ec24b000-7f92ec24c000 r--p 00002000 08:03 2511765                    /lib/x86_64-linux-gnu/libdl-2.15.so
7f92ec24c000-7f92ec24d000 rw-p 00003000 08:03 2511765                    /lib/x86_64-linux-gnu/libdl-2.15.so
7f92ec24d000-7f92ec263000 r-xp 00000000 08:03 2795333                    /usr/lib/jvm/java-7-oracle/lib/amd64/jli/libjli.so
7f92ec263000-7f92ec463000 ---p 00016000 08:03 2795333                    /usr/lib/jvm/java-7-oracle/lib/amd64/jli/libjli.so
7f92ec463000-7f92ec464000 rw-p 00016000 08:03 2795333                    /usr/lib/jvm/java-7-oracle/lib/amd64/jli/libjli.so
7f92ec464000-7f92ec47c000 r-xp 00000000 08:03 2511739                    /lib/x86_64-linux-gnu/libpthread-2.15.so
7f92ec47c000-7f92ec67b000 ---p 00018000 08:03 2511739                    /lib/x86_64-linux-gnu/libpthread-2.15.so
7f92ec67b000-7f92ec67c000 r--p 00017000 08:03 2511739                    /lib/x86_64-linux-gnu/libpthread-2.15.so
7f92ec67c000-7f92ec67d000 rw-p 00018000 08:03 2511739                    /lib/x86_64-linux-gnu/libpthread-2.15.so
7f92ec67d000-7f92ec681000 rw-p 00000000 00:00 0 
7f92ec681000-7f92ec6a3000 r-xp 00000000 08:03 2511743                    /lib/x86_64-linux-gnu/ld-2.15.so
7f92ec6a8000-7f92ec6c8000 rw-p 00000000 00:00 0 
7f92ec6c8000-7f92ec77e000 rw-p 00000000 00:00 0 
7f92ec77e000-7f92ec781000 ---p 00000000 00:00 0 
7f92ec781000-7f92ec883000 rw-p 00000000 00:00 0                          [stack:14006]
7f92ec887000-7f92ec888000 rw-p 00000000 00:00 0 
7f92ec888000-7f92ec897000 r--s 000dd000 08:03 2100851                    /opt/sdk/build-tools/21.1.2/lib/dx.jar
7f92ec897000-7f92ec89f000 rw-s 00000000 08:03 3430304                    /tmp/hsperfdata_james/14001
7f92ec89f000-7f92ec8a0000 rw-p 00000000 00:00 0 
7f92ec8a0000-7f92ec8a1000 ---p 00000000 00:00 0 
7f92ec8a1000-7f92ec8a3000 rw-p 00000000 00:00 0 
7f92ec8a3000-7f92ec8a4000 r--p 00022000 08:03 2511743                    /lib/x86_64-linux-gnu/ld-2.15.so
7f92ec8a4000-7f92ec8a6000 rw-p 00023000 08:03 2511743                    /lib/x86_64-linux-gnu/ld-2.15.so
7ffcd4690000-7ffcd46b1000 rw-p 00000000 00:00 0                          [stack]
7ffcd46d6000-7ffcd46d8000 r-xp 00000000 00:00 0                          [vdso]
ffffffffff600000-ffffffffff601000 r-xp 00000000 00:00 0                  [vsyscall]

VM Arguments:
jvm_args: -Xmx1024M -Dfile.encoding=UTF-8 -Duser.country=US -Duser.language=en -Duser.variant 
java_command: com.android.dx.command.Main --dex --output /home/james/boolio-Android/app/build/intermediates/dex/debug /home/james/boolio-Android/app/build/intermediates/classes/debug /home/james/boolio-Android/app/build/intermediates/pre-dexed/debug/support-annotations-22.0.0-42df0f76ffc233937293b42deb0246cb66f444df.jar /home/james/boolio-Android/app/build/intermediates/pre-dexed/debug/classes-2ec891e94a797bdc86a63505770d38bd2ac9331e.jar /home/james/boolio-Android/app/build/intermediates/pre-dexed/debug/bolts-android-1.1.2-b25814cf8d2127f57e9e955d0211873d4cfafa46.jar /home/james/boolio-Android/app/build/intermediates/pre-dexed/debug/classes-460ca7921a32c4f345cbaeed79b3906eb935f28f.jar /home/james/boolio-Android/app/build/intermediates/pre-dexed/debug/classes-f8bdd8e7498dfa0e85394e54d99363e044692a8e.jar /home/james/boolio-Android/app/build/intermediates/pre-dexed/debug/library-1.0.15-a1ff2097750540d2229b59f39bbf876419341640.jar /home/james/boolio-Android/app/build/intermediates/pre-dexed/debug/internal_impl-22.0.0-489f5fed822d634d543ca1ecd120e0be812e239a.jar /home/james/boolio-Android/app/build/intermediates/pre-dexed/debug/android-sdk-s3-1.7.0-27ccb36a583202a21bcac9dd86f4f8efebc5584c.jar /home/james/boolio-Android/app/build/intermediates/pre-dexed/debug/classes-429a12a819772d82572f8e5b32c901668c6659b2.jar /home/james/boolio-Android/app/build/intermediates/pre-dexed/debug/classes-4b6061efdc59ebd3f925d5cb9c8ae64d1ad32815.jar /home/james/boolio-Android/app/build/intermediates/pre-dexed/debug/classes-8c0b0308c388f3cb0eb34c711d51cae7199af4c6.jar /home/james/boolio-Android/app/build/intermediates/pre-dexed/debug/android-sdk-core-1.7.0-e95a8531ff721c8a0c52fbd1908974e5f1e11cc7.jar
Launcher Type: SUN_STANDARD

Environment Variables:
CLASSPATH=/opt/android-studio/bin/../lib/bootstrap.jar:/opt/android-studio/bin/../lib/extensions.jar:/opt/android-studio/bin/../lib/util.jar:/opt/android-studio/bin/../lib/jdom.jar:/opt/android-studio/bin/../lib/log4j.jar:/opt/android-studio/bin/../lib/trove4j.jar:/opt/android-studio/bin/../lib/jna.jar:/usr/lib/jvm/java-7-oracle/lib/tools.jar
PATH=/usr/lib/lightdm/lightdm:/usr/local/sbin:/usr/local/bin:/usr/sbin:/usr/bin:/sbin:/bin:/usr/games
LD_LIBRARY_PATH=/opt/android-studio/bin:
SHELL=/bin/bash
DISPLAY=:0

Signal Handlers:
SIGSEGV: [libjvm.so+0x9a3bd0], sa_mask[0]=0x7ffbfeff, sa_flags=0x10000004
SIGBUS: [libjvm.so+0x9a3bd0], sa_mask[0]=0x7ffbfeff, sa_flags=0x10000004
SIGFPE: [libjvm.so+0x81cb60], sa_mask[0]=0x7ffbfeff, sa_flags=0x10000004
SIGPIPE: [libjvm.so+0x81cb60], sa_mask[0]=0x7ffbfeff, sa_flags=0x10000004
SIGXFSZ: [libjvm.so+0x81cb60], sa_mask[0]=0x7ffbfeff, sa_flags=0x10000004
SIGILL: [libjvm.so+0x81cb60], sa_mask[0]=0x7ffbfeff, sa_flags=0x10000004
SIGUSR1: SIG_DFL, sa_mask[0]=0x00000000, sa_flags=0x00000000
SIGUSR2: [libjvm.so+0x81e360], sa_mask[0]=0x00000004, sa_flags=0x10000004
SIGHUP: [libjvm.so+0x81f480], sa_mask[0]=0x7ffbfeff, sa_flags=0x10000004
SIGINT: [libjvm.so+0x81f480], sa_mask[0]=0x7ffbfeff, sa_flags=0x10000004
SIGTERM: [libjvm.so+0x81f480], sa_mask[0]=0x7ffbfeff, sa_flags=0x10000004
SIGQUIT: [libjvm.so+0x81f480], sa_mask[0]=0x7ffbfeff, sa_flags=0x10000004


---------------  S Y S T E M  ---------------

OS:wheezy/sid

uname:Linux 3.13.0-49-generic #81~precise1-Ubuntu SMP Wed Mar 25 16:32:15 UTC 2015 x86_64
libc:glibc 2.15 NPTL 2.15 
rlimit: STACK 8192k, CORE 0k, NPROC 63248, NOFILE 4096, AS infinity
load average:32.84 10.79 4.47

/proc/meminfo:
MemTotal:        8116828 kB
MemFree:          135368 kB
Buffers:             108 kB
Cached:            63348 kB
SwapCached:            0 kB
Active:          7605912 kB
Inactive:          50136 kB
Active(anon):    7603280 kB
Inactive(anon):    26228 kB
Active(file):       2632 kB
Inactive(file):    23908 kB
Unevictable:         176 kB
Mlocked:             176 kB
SwapTotal:             0 kB
SwapFree:              0 kB
Dirty:               116 kB
Writeback:             0 kB
AnonPages:       7593540 kB
Mapped:            96784 kB
Shmem:             36144 kB
Slab:              79816 kB
SReclaimable:      31892 kB
SUnreclaim:        47924 kB
KernelStack:        7704 kB
PageTables:        77508 kB
NFS_Unstable:          0 kB
Bounce:                0 kB
WritebackTmp:          0 kB
CommitLimit:     4058412 kB
Committed_AS:   15654400 kB
VmallocTotal:   34359738367 kB
VmallocUsed:      119412 kB
VmallocChunk:   34359613948 kB
HardwareCorrupted:     0 kB
AnonHugePages:   2707456 kB
HugePages_Total:       0
HugePages_Free:        0
HugePages_Rsvd:        0
HugePages_Surp:        0
Hugepagesize:       2048 kB
DirectMap4k:      304948 kB
DirectMap2M:     8024064 kB


CPU:total 4 (2 cores per cpu, 2 threads per core) family 6 model 58 stepping 9, cmov, cx8, fxsr, mmx, sse, sse2, sse3, ssse3, sse4.1, sse4.2, popcnt, avx, aes, erms, ht, tsc, tscinvbit, tscinv

/proc/cpuinfo:
processor	: 0
vendor_id	: GenuineIntel
cpu family	: 6
model		: 58
model name	: Intel(R) Core(TM) i7-3540M CPU @ 3.00GHz
stepping	: 9
microcode	: 0x15
cpu MHz		: 3001.000
cache size	: 4096 KB
physical id	: 0
siblings	: 4
core id		: 0
cpu cores	: 2
apicid		: 0
initial apicid	: 0
fpu		: yes
fpu_exception	: yes
cpuid level	: 13
wp		: yes
flags		: fpu vme de pse tsc msr pae mce cx8 apic sep mtrr pge mca cmov pat pse36 clflush dts acpi mmx fxsr sse sse2 ss ht tm pbe syscall nx rdtscp lm constant_tsc arch_perfmon pebs bts rep_good nopl xtopology nonstop_tsc aperfmperf eagerfpu pni pclmulqdq dtes64 monitor ds_cpl vmx smx est tm2 ssse3 cx16 xtpr pdcm pcid sse4_1 sse4_2 x2apic popcnt tsc_deadline_timer aes xsave avx f16c rdrand lahf_lm ida arat epb xsaveopt pln pts dtherm tpr_shadow vnmi flexpriority ept vpid fsgsbase smep erms
bogomips	: 5980.61
clflush size	: 64
cache_alignment	: 64
address sizes	: 36 bits physical, 48 bits virtual
power management:

processor	: 1
vendor_id	: GenuineIntel
cpu family	: 6
model		: 58
model name	: Intel(R) Core(TM) i7-3540M CPU @ 3.00GHz
stepping	: 9
microcode	: 0x15
cpu MHz		: 3001.000
cache size	: 4096 KB
physical id	: 0
siblings	: 4
core id		: 1
cpu cores	: 2
apicid		: 2
initial apicid	: 2
fpu		: yes
fpu_exception	: yes
cpuid level	: 13
wp		: yes
flags		: fpu vme de pse tsc msr pae mce cx8 apic sep mtrr pge mca cmov pat pse36 clflush dts acpi mmx fxsr sse sse2 ss ht tm pbe syscall nx rdtscp lm constant_tsc arch_perfmon pebs bts rep_good nopl xtopology nonstop_tsc aperfmperf eagerfpu pni pclmulqdq dtes64 monitor ds_cpl vmx smx est tm2 ssse3 cx16 xtpr pdcm pcid sse4_1 sse4_2 x2apic popcnt tsc_deadline_timer aes xsave avx f16c rdrand lahf_lm ida arat epb xsaveopt pln pts dtherm tpr_shadow vnmi flexpriority ept vpid fsgsbase smep erms
bogomips	: 5980.61
clflush size	: 64
cache_alignment	: 64
address sizes	: 36 bits physical, 48 bits virtual
power management:

processor	: 2
vendor_id	: GenuineIntel
cpu family	: 6
model		: 58
model name	: Intel(R) Core(TM) i7-3540M CPU @ 3.00GHz
stepping	: 9
microcode	: 0x15
cpu MHz		: 3001.000
cache size	: 4096 KB
physical id	: 0
siblings	: 4
core id		: 0
cpu cores	: 2
apicid		: 1
initial apicid	: 1
fpu		: yes
fpu_exception	: yes
cpuid level	: 13
wp		: yes
flags		: fpu vme de pse tsc msr pae mce cx8 apic sep mtrr pge mca cmov pat pse36 clflush dts acpi mmx fxsr sse sse2 ss ht tm pbe syscall nx rdtscp lm constant_tsc arch_perfmon pebs bts rep_good nopl xtopology nonstop_tsc aperfmperf eagerfpu pni pclmulqdq dtes64 monitor ds_cpl vmx smx est tm2 ssse3 cx16 xtpr pdcm pcid sse4_1 sse4_2 x2apic popcnt tsc_deadline_timer aes xsave avx f16c rdrand lahf_lm ida arat epb xsaveopt pln pts dtherm tpr_shadow vnmi flexpriority ept vpid fsgsbase smep erms
bogomips	: 5980.61
clflush size	: 64
cache_alignment	: 64
address sizes	: 36 bits physical, 48 bits virtual
power management:

processor	: 3
vendor_id	: GenuineIntel
cpu family	: 6
model		: 58
model name	: Intel(R) Core(TM) i7-3540M CPU @ 3.00GHz
stepping	: 9
microcode	: 0x15
cpu MHz		: 3001.000
cache size	: 4096 KB
physical id	: 0
siblings	: 4
core id		: 1
cpu cores	: 2
apicid		: 3
initial apicid	: 3
fpu		: yes
fpu_exception	: yes
cpuid level	: 13
wp		: yes
flags		: fpu vme de pse tsc msr pae mce cx8 apic sep mtrr pge mca cmov pat pse36 clflush dts acpi mmx fxsr sse sse2 ss ht tm pbe syscall nx rdtscp lm constant_tsc arch_perfmon pebs bts rep_good nopl xtopology nonstop_tsc aperfmperf eagerfpu pni pclmulqdq dtes64 monitor ds_cpl vmx smx est tm2 ssse3 cx16 xtpr pdcm pcid sse4_1 sse4_2 x2apic popcnt tsc_deadline_timer aes xsave avx f16c rdrand lahf_lm ida arat epb xsaveopt pln pts dtherm tpr_shadow vnmi flexpriority ept vpid fsgsbase smep erms
bogomips	: 5980.61
clflush size	: 64
cache_alignment	: 64
address sizes	: 36 bits physical, 48 bits virtual
power management:



Memory: 4k page, physical 8116828k(130160k free), swap 0k(0k free)

vm_info: Java HotSpot(TM) 64-Bit Server VM (24.76-b04) for linux-amd64 JRE (1.7.0_76-b13), built on Dec 18 2014 16:58:39 by "java_re" with gcc 4.3.0 20080428 (Red Hat 4.3.0-8)

time: Mon Apr 20 22:40:24 2015
elapsed time: 37 seconds

