#
# There is insufficient memory for the Java Runtime Environment to continue.
# Native memory allocation (malloc) failed to allocate 66060288 bytes for committing reserved memory.
# Possible reasons:
#   The system is out of physical RAM or swap space
#   In 32 bit mode, the process size limit was hit
# Possible solutions:
#   Reduce memory load on the system
#   Increase physical memory or swap space
#   Check if swap backing store is full
#   Use 64 bit Java on a 64 bit OS
#   Decrease Java heap size (-Xmx/-Xms)
#   Decrease number of Java threads
#   Decrease Java thread stack sizes (-Xss)
#   Set larger code cache with -XX:ReservedCodeCacheSize=
# This output file may be truncated or incomplete.
#
#  Out of Memory Error (os_linux.cpp:2756), pid=9999, tid=139838998640384
#
# JRE version: Java(TM) SE Runtime Environment (7.0_76-b13) (build 1.7.0_76-b13)
# Java VM: Java HotSpot(TM) 64-Bit Server VM (24.76-b04 mixed mode linux-amd64 compressed oops)
# Failed to write core dump. Core dumps have been disabled. To enable core dumping, try "ulimit -c unlimited" before starting Java again
#

---------------  T H R E A D  ---------------

Current thread (0x00007f2ed806a800):  VMThread [stack: 0x00007f2ecdc6f000,0x00007f2ecdd70000] [id=10010]

Stack: [0x00007f2ecdc6f000,0x00007f2ecdd70000],  sp=0x00007f2ecdd6e190,  free space=1020k
Native frames: (J=compiled Java code, j=interpreted, Vv=VM code, C=native code)
V  [libjvm.so+0x9a32ba]  VMError::report_and_die()+0x2ea
V  [libjvm.so+0x497f7b]  report_vm_out_of_memory(char const*, int, unsigned long, char const*)+0x9b
V  [libjvm.so+0x81fcce]  os::Linux::commit_memory_impl(char*, unsigned long, bool)+0xfe
V  [libjvm.so+0x820219]  os::pd_commit_memory(char*, unsigned long, unsigned long, bool)+0x29
V  [libjvm.so+0x819faa]  os::commit_memory(char*, unsigned long, unsigned long, bool)+0x2a
V  [libjvm.so+0x88d843]  PSVirtualSpace::expand_by(unsigned long)+0x53
V  [libjvm.so+0x88ec18]  PSYoungGen::resize_generation(unsigned long, unsigned long)+0xf8
V  [libjvm.so+0x88dd82]  PSYoungGen::resize(unsigned long, unsigned long)+0x22
V  [libjvm.so+0x88b13d]  PSScavenge::invoke_no_policy()+0xf3d
V  [libjvm.so+0x88b981]  PSScavenge::invoke()+0x41
V  [libjvm.so+0x842300]  ParallelScavengeHeap::failed_mem_allocate(unsigned long)+0x70
V  [libjvm.so+0x9a4b47]  VM_ParallelGCFailedAllocation::doit()+0x97
V  [libjvm.so+0x9abfe5]  VM_Operation::evaluate()+0x55
V  [libjvm.so+0x9aa3aa]  VMThread::evaluate_operation(VM_Operation*)+0xba
V  [libjvm.so+0x9aa72e]  VMThread::loop()+0x1ce
V  [libjvm.so+0x9aaba0]  VMThread::run()+0x70
V  [libjvm.so+0x821ca8]  java_start(Thread*)+0x108

VM_Operation (0x00007f2edfb721d0): ParallelGCFailedAllocation, mode: safepoint, requested by thread 0x00007f2ed800a800


---------------  P R O C E S S  ---------------

Java Threads: ( => current thread )
  0x00007f2ed8099800 JavaThread "Service Thread" daemon [_thread_blocked, id=10016, stack(0x00007f2ecce54000,0x00007f2eccf55000)]
  0x00007f2ed8097000 JavaThread "C2 CompilerThread1" daemon [_thread_blocked, id=10015, stack(0x00007f2eccf55000,0x00007f2ecd056000)]
  0x00007f2ed8094000 JavaThread "C2 CompilerThread0" daemon [_thread_blocked, id=10014, stack(0x00007f2ecd056000,0x00007f2ecd157000)]
  0x00007f2ed8092000 JavaThread "Signal Dispatcher" daemon [_thread_blocked, id=10013, stack(0x00007f2ecd157000,0x00007f2ecd258000)]
  0x00007f2ed8070800 JavaThread "Finalizer" daemon [_thread_blocked, id=10012, stack(0x00007f2ecda6d000,0x00007f2ecdb6e000)]
  0x00007f2ed806e800 JavaThread "Reference Handler" daemon [_thread_blocked, id=10011, stack(0x00007f2ecdb6e000,0x00007f2ecdc6f000)]
  0x00007f2ed800a800 JavaThread "main" [_thread_blocked, id=10005, stack(0x00007f2edfa73000,0x00007f2edfb74000)]

Other Threads:
=>0x00007f2ed806a800 VMThread [stack: 0x00007f2ecdc6f000,0x00007f2ecdd70000] [id=10010]
  0x00007f2ed80a4000 WatcherThread [stack: 0x00007f2eccd53000,0x00007f2ecce54000] [id=10017]

VM state:at safepoint (normal execution)

VM Mutex/Monitor currently owned by a thread:  ([mutex/lock_event])
[0x00007f2ed8006c10] Threads_lock - owner thread: 0x00007f2ed806a800
[0x00007f2ed8007110] Heap_lock - owner thread: 0x00007f2ed800a800

Heap
 PSYoungGen      total 69632K, used 5097K [0x00000000eaa80000, 0x00000000ef380000, 0x0000000100000000)
  eden space 64512K, 0% used [0x00000000eaa80000,0x00000000eaa80000,0x00000000ee980000)
  from space 5120K, 99% used [0x00000000ee980000,0x00000000eee7a458,0x00000000eee80000)
  to   space 5120K, 0% used [0x00000000eee80000,0x00000000eee80000,0x00000000ef380000)
 ParOldGen       total 84480K, used 17117K [0x00000000c0000000, 0x00000000c5280000, 0x00000000eaa80000)
  object space 84480K, 20% used [0x00000000c0000000,0x00000000c10b74b0,0x00000000c5280000)
 PSPermGen       total 21504K, used 6756K [0x00000000bae00000, 0x00000000bc300000, 0x00000000c0000000)
  object space 21504K, 31% used [0x00000000bae00000,0x00000000bb4991b0,0x00000000bc300000)

Card table byte_map: [0x00007f2edcb48000,0x00007f2edcd72000] byte_map_base: 0x00007f2edc571000

Polling page: 0x00007f2edfb95000

Code Cache  [0x00007f2ed5000000, 0x00007f2ed5270000, 0x00007f2ed8000000)
 total_blobs=833 nmethods=585 adapters=201 free_code_cache=47535Kb largest_free_block=48629568

Compilation events (10 events):
Event: 2.750 Thread 0x00007f2ed8094000  582             com.android.dex.ClassDef::getInterfacesOffset (5 bytes)
Event: 2.750 Thread 0x00007f2ed8094000 nmethod 582 0x00007f2ed518ca50 code [0x00007f2ed518cb80, 0x00007f2ed518cbd8]
Event: 2.750 Thread 0x00007f2ed8094000  583             com.android.dex.ClassDef::getSourceFileIndex (5 bytes)
Event: 2.751 Thread 0x00007f2ed8094000 nmethod 583 0x00007f2ed518c850 code [0x00007f2ed518c980, 0x00007f2ed518c9d8]
Event: 2.751 Thread 0x00007f2ed8094000  584             com.android.dex.ClassDef::getAnnotationsOffset (5 bytes)
Event: 2.751 Thread 0x00007f2ed8094000 nmethod 584 0x00007f2ed518c610 code [0x00007f2ed518c740, 0x00007f2ed518c798]
Event: 2.751 Thread 0x00007f2ed8094000  585             com.android.dex.ClassDef::getStaticValuesOffset (5 bytes)
Event: 2.751 Thread 0x00007f2ed8094000 nmethod 585 0x00007f2ed5196f50 code [0x00007f2ed5197080, 0x00007f2ed51970d8]
Event: 2.760 Thread 0x00007f2ed8097000 nmethod 572 0x00007f2ed519cd10 code [0x00007f2ed519cf40, 0x00007f2ed519e708]
Event: 2.763 Thread 0x00007f2ed8094000  586             com.android.dex.Leb128::readSignedLeb128 (93 bytes)

GC Heap History (5 events):
Event: 1.634 GC heap before
{Heap before GC invocations=1 (full 0):
 PSYoungGen      total 37376K, used 31142K [0x00000000eaa80000, 0x00000000ed400000, 0x0000000100000000)
  eden space 32256K, 96% used [0x00000000eaa80000,0x00000000ec8e9ad0,0x00000000eca00000)
  from space 5120K, 0% used [0x00000000ecf00000,0x00000000ecf00000,0x00000000ed400000)
  to   space 5120K, 0% used [0x00000000eca00000,0x00000000eca00000,0x00000000ecf00000)
 ParOldGen       total 84480K, used 0K [0x00000000c0000000, 0x00000000c5280000, 0x00000000eaa80000)
  object space 84480K, 0% used [0x00000000c0000000,0x00000000c0000000,0x00000000c5280000)
 PSPermGen       total 21504K, used 5407K [0x00000000bae00000, 0x00000000bc300000, 0x00000000c0000000)
  object space 21504K, 25% used [0x00000000bae00000,0x00000000bb347df8,0x00000000bc300000)
Event: 1.662 GC heap after
Heap after GC invocations=1 (full 0):
 PSYoungGen      total 37376K, used 5108K [0x00000000eaa80000, 0x00000000ef380000, 0x0000000100000000)
  eden space 32256K, 0% used [0x00000000eaa80000,0x00000000eaa80000,0x00000000eca00000)
  from space 5120K, 99% used [0x00000000eca00000,0x00000000ecefd1a0,0x00000000ecf00000)
  to   space 5120K, 0% used [0x00000000eee80000,0x00000000eee80000,0x00000000ef380000)
 ParOldGen       total 84480K, used 2976K [0x00000000c0000000, 0x00000000c5280000, 0x00000000eaa80000)
  object space 84480K, 3% used [0x00000000c0000000,0x00000000c02e8340,0x00000000c5280000)
 PSPermGen       total 21504K, used 5407K [0x00000000bae00000, 0x00000000bc300000, 0x00000000c0000000)
  object space 21504K, 25% used [0x00000000bae00000,0x00000000bb347df8,0x00000000bc300000)
}
Event: 2.358 GC heap before
{Heap before GC invocations=2 (full 0):
 PSYoungGen      total 37376K, used 37364K [0x00000000eaa80000, 0x00000000ef380000, 0x0000000100000000)
  eden space 32256K, 100% used [0x00000000eaa80000,0x00000000eca00000,0x00000000eca00000)
  from space 5120K, 99% used [0x00000000eca00000,0x00000000ecefd1a0,0x00000000ecf00000)
  to   space 5120K, 0% used [0x00000000eee80000,0x00000000eee80000,0x00000000ef380000)
 ParOldGen       total 84480K, used 2976K [0x00000000c0000000, 0x00000000c5280000, 0x00000000eaa80000)
  object space 84480K, 3% used [0x00000000c0000000,0x00000000c02e8340,0x00000000c5280000)
 PSPermGen       total 21504K, used 6714K [0x00000000bae00000, 0x00000000bc300000, 0x00000000c0000000)
  object space 21504K, 31% used [0x00000000bae00000,0x00000000bb48e860,0x00000000bc300000)
Event: 2.364 GC heap after
Heap after GC invocations=2 (full 0):
 PSYoungGen      total 69632K, used 5113K [0x00000000eaa80000, 0x00000000ef380000, 0x0000000100000000)
  eden space 64512K, 0% used [0x00000000eaa80000,0x00000000eaa80000,0x00000000ee980000)
  from space 5120K, 99% used [0x00000000eee80000,0x00000000ef37e618,0x00000000ef380000)
  to   space 5120K, 0% used [0x00000000ee980000,0x00000000ee980000,0x00000000eee80000)
 ParOldGen       total 84480K, used 7064K [0x00000000c0000000, 0x00000000c5280000, 0x00000000eaa80000)
  object space 84480K, 8% used [0x00000000c0000000,0x00000000c06e61f8,0x00000000c5280000)
 PSPermGen       total 21504K, used 6714K [0x00000000bae00000, 0x00000000bc300000, 0x00000000c0000000)
  object space 21504K, 31% used [0x00000000bae00000,0x00000000bb48e860,0x00000000bc300000)
}
Event: 2.768 GC heap before
{Heap before GC invocations=3 (full 0):
 PSYoungGen      total 69632K, used 69625K [0x00000000eaa80000, 0x00000000ef380000, 0x0000000100000000)
  eden space 64512K, 100% used [0x00000000eaa80000,0x00000000ee980000,0x00000000ee980000)
  from space 5120K, 99% used [0x00000000eee80000,0x00000000ef37e618,0x00000000ef380000)
  to   space 5120K, 0% used [0x00000000ee980000,0x00000000ee980000,0x00000000eee80000)
 ParOldGen       total 84480K, used 7064K [0x00000000c0000000, 0x00000000c5280000, 0x00000000eaa80000)
  object space 84480K, 8% used [0x00000000c0000000,0x00000000c06e61f8,0x00000000c5280000)
 PSPermGen       total 21504K, used 6756K [0x00000000bae00000, 0x00000000bc300000, 0x00000000c0000000)
  object space 21504K, 31% used [0x00000000bae00000,0x00000000bb4991b0,0x00000000bc300000)

Deoptimization events (10 events):
Event: 1.870 Thread 0x00007f2ed800a800 Uncommon trap: reason=class_check action=maybe_recompile pc=0x00007f2ed50f050c method=com.android.dex.Leb128.writeUnsignedLeb128(Lcom/android/dex/util/ByteOutput;I)V @ 40
Event: 2.022 Thread 0x00007f2ed800a800 Uncommon trap: reason=class_check action=maybe_recompile pc=0x00007f2ed50fee8c method=com.android.dex.Leb128.readUnsignedLeb128(Lcom/android/dex/util/ByteInput;)I @ 5
Event: 2.022 Thread 0x00007f2ed800a800 Uncommon trap: reason=class_check action=maybe_recompile pc=0x00007f2ed50fee8c method=com.android.dex.Leb128.readUnsignedLeb128(Lcom/android/dex/util/ByteInput;)I @ 5
Event: 2.022 Thread 0x00007f2ed800a800 Uncommon trap: reason=class_check action=maybe_recompile pc=0x00007f2ed50fee8c method=com.android.dex.Leb128.readUnsignedLeb128(Lcom/android/dex/util/ByteInput;)I @ 5
Event: 2.022 Thread 0x00007f2ed800a800 Uncommon trap: reason=class_check action=maybe_recompile pc=0x00007f2ed50fee8c method=com.android.dex.Leb128.readUnsignedLeb128(Lcom/android/dex/util/ByteInput;)I @ 5
Event: 2.092 Thread 0x00007f2ed800a800 Uncommon trap: reason=predicate action=maybe_recompile pc=0x00007f2ed51071f8 method=com.android.dex.Leb128.readUnsignedLeb128(Lcom/android/dex/util/ByteInput;)I @ 41
Event: 2.393 Thread 0x00007f2ed800a800 Uncommon trap: reason=predicate action=maybe_recompile pc=0x00007f2ed5138bdc method=java.util.ComparableTimSort.binarySort([Ljava/lang/Object;III)V @ 37
Event: 2.438 Thread 0x00007f2ed800a800 Uncommon trap: reason=unloaded action=reinterpret pc=0x00007f2ed5112a58 method=com.android.dx.merge.IndexMap$EncodedValueTransformer.transform(Lcom/android/dex/EncodedValueReader;)V @ 263
Event: 2.688 Thread 0x00007f2ed800a800 Uncommon trap: reason=array_check action=maybe_recompile pc=0x00007f2ed514ad1c method=java.util.ComparableTimSort.binarySort([Ljava/lang/Object;III)V @ 193
Event: 2.734 Thread 0x00007f2ed800a800 Uncommon trap: reason=predicate action=maybe_recompile pc=0x00007f2ed5175f18 method=java.util.TimSort.binarySort([Ljava/lang/Object;IIILjava/util/Comparator;)V @ 37

Internal exceptions (10 events):
Event: 1.947 Thread 0x00007f2ed800a800 Threw 0x00000000eb12b380 at /HUDSON/workspace/7u-2-build-linux-amd64/jdk7u76/1941/hotspot/src/share/vm/prims/jvm.cpp:1304
Event: 1.948 Thread 0x00007f2ed800a800 Threw 0x00000000eb12e450 at /HUDSON/workspace/7u-2-build-linux-amd64/jdk7u76/1941/hotspot/src/share/vm/prims/jvm.cpp:1304
Event: 1.948 Thread 0x00007f2ed800a800 Threw 0x00000000eb131670 at /HUDSON/workspace/7u-2-build-linux-amd64/jdk7u76/1941/hotspot/src/share/vm/prims/jvm.cpp:1304
Event: 1.949 Thread 0x00007f2ed800a800 Threw 0x00000000eb136748 at /HUDSON/workspace/7u-2-build-linux-amd64/jdk7u76/1941/hotspot/src/share/vm/prims/jvm.cpp:1304
Event: 1.949 Thread 0x00007f2ed800a800 Threw 0x00000000eb139368 at /HUDSON/workspace/7u-2-build-linux-amd64/jdk7u76/1941/hotspot/src/share/vm/prims/jvm.cpp:1304
Event: 1.950 Thread 0x00007f2ed800a800 Threw 0x00000000eb13c148 at /HUDSON/workspace/7u-2-build-linux-amd64/jdk7u76/1941/hotspot/src/share/vm/prims/jvm.cpp:1304
Event: 1.950 Thread 0x00007f2ed800a800 Threw 0x00000000eb13f340 at /HUDSON/workspace/7u-2-build-linux-amd64/jdk7u76/1941/hotspot/src/share/vm/prims/jvm.cpp:1304
Event: 1.952 Thread 0x00007f2ed800a800 Threw 0x00000000eb146580 at /HUDSON/workspace/7u-2-build-linux-amd64/jdk7u76/1941/hotspot/src/share/vm/prims/jvm.cpp:1304
Event: 1.952 Thread 0x00007f2ed800a800 Threw 0x00000000eb1484a0 at /HUDSON/workspace/7u-2-build-linux-amd64/jdk7u76/1941/hotspot/src/share/vm/prims/jvm.cpp:1304
Event: 2.314 Thread 0x00007f2ed800a800 Threw 0x00000000ec518538 at /HUDSON/workspace/7u-2-build-linux-amd64/jdk7u76/1941/hotspot/src/share/vm/prims/jvm.cpp:1304

Events (10 events):
Event: 2.438 Thread 0x00007f2ed800a800 DEOPT UNPACKING pc=0x00007f2ed5039445 sp=0x00007f2edfb72388 mode 2
Event: 2.620 loading class 0x00007f2edc348f60
Event: 2.621 loading class 0x00007f2edc348f60 done
Event: 2.688 Thread 0x00007f2ed800a800 Uncommon trap: trap_request=0xffffffd6 fr.pc=0x00007f2ed514ad1c
Event: 2.688 Thread 0x00007f2ed800a800 DEOPT PACKING pc=0x00007f2ed514ad1c sp=0x00007f2edfb723f0
Event: 2.688 Thread 0x00007f2ed800a800 DEOPT UNPACKING pc=0x00007f2ed5039445 sp=0x00007f2edfb723b8 mode 2
Event: 2.734 Thread 0x00007f2ed800a800 Uncommon trap: trap_request=0xffffff86 fr.pc=0x00007f2ed5175f18
Event: 2.734 Thread 0x00007f2ed800a800 DEOPT PACKING pc=0x00007f2ed5175f18 sp=0x00007f2edfb72420
Event: 2.734 Thread 0x00007f2ed800a800 DEOPT UNPACKING pc=0x00007f2ed5039445 sp=0x00007f2edfb72410 mode 2
Event: 2.768 Executing VM operation: ParallelGCFailedAllocation


Dynamic libraries:
00400000-00401000 r-xp 00000000 08:03 2115582                            /usr/lib/jvm/java-7-oracle/bin/java
00600000-00601000 rw-p 00000000 08:03 2115582                            /usr/lib/jvm/java-7-oracle/bin/java
014a5000-014c6000 rw-p 00000000 00:00 0                                  [heap]
bae00000-bc300000 rw-p 00000000 00:00 0 
bc300000-c0000000 rw-p 00000000 00:00 0 
c0000000-c5280000 rw-p 00000000 00:00 0 
c5280000-eaa80000 rw-p 00000000 00:00 0 
eaa80000-ef380000 rw-p 00000000 00:00 0 
f3280000-100000000 rw-p 00000000 00:00 0 
7f2e98000000-7f2e98021000 rw-p 00000000 00:00 0 
7f2e98021000-7f2e9c000000 ---p 00000000 00:00 0 
7f2ea0000000-7f2ea066f000 rw-p 00000000 00:00 0 
7f2ea066f000-7f2ea4000000 ---p 00000000 00:00 0 
7f2ea4000000-7f2ea4021000 rw-p 00000000 00:00 0 
7f2ea4021000-7f2ea8000000 ---p 00000000 00:00 0 
7f2ea8000000-7f2ea8021000 rw-p 00000000 00:00 0 
7f2ea8021000-7f2eac000000 ---p 00000000 00:00 0 
7f2eac000000-7f2eac9c7000 rw-p 00000000 00:00 0 
7f2eac9c7000-7f2eb0000000 ---p 00000000 00:00 0 
7f2eb0000000-7f2eb0021000 rw-p 00000000 00:00 0 
7f2eb0021000-7f2eb4000000 ---p 00000000 00:00 0 
7f2eb4000000-7f2eb4021000 rw-p 00000000 00:00 0 
7f2eb4021000-7f2eb8000000 ---p 00000000 00:00 0 
7f2eb8000000-7f2eb8021000 rw-p 00000000 00:00 0 
7f2eb8021000-7f2ebc000000 ---p 00000000 00:00 0 
7f2ec0000000-7f2ec0021000 rw-p 00000000 00:00 0 
7f2ec0021000-7f2ec4000000 ---p 00000000 00:00 0 
7f2ec4000000-7f2ec40e3000 rw-p 00000000 00:00 0 
7f2ec40e3000-7f2ec8000000 ---p 00000000 00:00 0 
7f2ec8000000-7f2ec8021000 rw-p 00000000 00:00 0 
7f2ec8021000-7f2ecc000000 ---p 00000000 00:00 0 
7f2ecc7be000-7f2ecc92b000 rw-p 00000000 00:00 0 
7f2ecc92b000-7f2ecc941000 r-xp 00000000 08:03 2511237                    /usr/lib/jvm/java-7-oracle/jre/lib/amd64/libnet.so
7f2ecc941000-7f2eccb41000 ---p 00016000 08:03 2511237                    /usr/lib/jvm/java-7-oracle/jre/lib/amd64/libnet.so
7f2eccb41000-7f2eccb42000 rw-p 00016000 08:03 2511237                    /usr/lib/jvm/java-7-oracle/jre/lib/amd64/libnet.so
7f2eccb42000-7f2eccb52000 r-xp 00000000 08:03 2511277                    /usr/lib/jvm/java-7-oracle/jre/lib/amd64/libnio.so
7f2eccb52000-7f2eccd52000 ---p 00010000 08:03 2511277                    /usr/lib/jvm/java-7-oracle/jre/lib/amd64/libnio.so
7f2eccd52000-7f2eccd53000 rw-p 00010000 08:03 2511277                    /usr/lib/jvm/java-7-oracle/jre/lib/amd64/libnio.so
7f2eccd53000-7f2eccd54000 ---p 00000000 00:00 0 
7f2eccd54000-7f2ecce54000 rw-p 00000000 00:00 0                          [stack:10017]
7f2ecce54000-7f2ecce57000 ---p 00000000 00:00 0 
7f2ecce57000-7f2eccf55000 rw-p 00000000 00:00 0                          [stack:10016]
7f2eccf55000-7f2eccf58000 ---p 00000000 00:00 0 
7f2eccf58000-7f2ecd056000 rw-p 00000000 00:00 0                          [stack:10015]
7f2ecd056000-7f2ecd059000 ---p 00000000 00:00 0 
7f2ecd059000-7f2ecd157000 rw-p 00000000 00:00 0                          [stack:10014]
7f2ecd157000-7f2ecd15a000 ---p 00000000 00:00 0 
7f2ecd15a000-7f2ecd258000 rw-p 00000000 00:00 0                          [stack:10013]
7f2ecd258000-7f2ecda6d000 r--p 00000000 08:03 1579746                    /usr/lib/locale/locale-archive
7f2ecda6d000-7f2ecda70000 ---p 00000000 00:00 0 
7f2ecda70000-7f2ecdb6e000 rw-p 00000000 00:00 0                          [stack:10012]
7f2ecdb6e000-7f2ecdb71000 ---p 00000000 00:00 0 
7f2ecdb71000-7f2ecdc6f000 rw-p 00000000 00:00 0                          [stack:10011]
7f2ecdc6f000-7f2ecdc70000 ---p 00000000 00:00 0 
7f2ecdc70000-7f2ed0000000 rw-p 00000000 00:00 0                          [stack:10010]
7f2ed0000000-7f2ed0021000 rw-p 00000000 00:00 0 
7f2ed0021000-7f2ed4000000 ---p 00000000 00:00 0 
7f2ed40d0000-7f2ed5000000 rw-p 00000000 00:00 0 
7f2ed5000000-7f2ed5270000 rwxp 00000000 00:00 0 
7f2ed5270000-7f2ed8236000 rw-p 00000000 00:00 0 
7f2ed8236000-7f2edc000000 ---p 00000000 00:00 0 
7f2edc015000-7f2edc0e4000 rw-p 00000000 00:00 0 
7f2edc0e4000-7f2edc2a3000 r--s 039f0000 08:03 2115523                    /usr/lib/jvm/java-7-oracle/jre/lib/rt.jar
7f2edc2a3000-7f2edc5c5000 rw-p 00000000 00:00 0 
7f2edc5c5000-7f2edc5c6000 ---p 00000000 00:00 0 
7f2edc5c6000-7f2edc6c6000 rw-p 00000000 00:00 0                          [stack:10009]
7f2edc6c6000-7f2edc6c7000 ---p 00000000 00:00 0 
7f2edc6c7000-7f2edc7c7000 rw-p 00000000 00:00 0                          [stack:10008]
7f2edc7c7000-7f2edc7c8000 ---p 00000000 00:00 0 
7f2edc7c8000-7f2edc8c8000 rw-p 00000000 00:00 0                          [stack:10007]
7f2edc8c8000-7f2edc8c9000 ---p 00000000 00:00 0 
7f2edc8c9000-7f2edc9d4000 rw-p 00000000 00:00 0                          [stack:10006]
7f2edc9d4000-7f2edc9f2000 rw-p 00000000 00:00 0 
7f2edc9f2000-7f2edca1c000 rw-p 00000000 00:00 0 
7f2edca1c000-7f2edcb48000 rw-p 00000000 00:00 0 
7f2edcb48000-7f2edcb53000 rw-p 00000000 00:00 0 
7f2edcb53000-7f2edcb71000 rw-p 00000000 00:00 0 
7f2edcb71000-7f2edcb9b000 rw-p 00000000 00:00 0 
7f2edcb9b000-7f2edccc6000 rw-p 00000000 00:00 0 
7f2edccc6000-7f2edcceb000 rw-p 00000000 00:00 0 
7f2edcceb000-7f2edcd71000 rw-p 00000000 00:00 0 
7f2edcd71000-7f2edcd72000 rw-p 00000000 00:00 0 
7f2edcd72000-7f2edcd8c000 r-xp 00000000 08:03 2511246                    /usr/lib/jvm/java-7-oracle/jre/lib/amd64/libzip.so
7f2edcd8c000-7f2edcf8c000 ---p 0001a000 08:03 2511246                    /usr/lib/jvm/java-7-oracle/jre/lib/amd64/libzip.so
7f2edcf8c000-7f2edcf8d000 rw-p 0001a000 08:03 2511246                    /usr/lib/jvm/java-7-oracle/jre/lib/amd64/libzip.so
7f2edcf8d000-7f2edcf99000 r-xp 00000000 08:03 2511741                    /lib/x86_64-linux-gnu/libnss_files-2.15.so
7f2edcf99000-7f2edd198000 ---p 0000c000 08:03 2511741                    /lib/x86_64-linux-gnu/libnss_files-2.15.so
7f2edd198000-7f2edd199000 r--p 0000b000 08:03 2511741                    /lib/x86_64-linux-gnu/libnss_files-2.15.so
7f2edd199000-7f2edd19a000 rw-p 0000c000 08:03 2511741                    /lib/x86_64-linux-gnu/libnss_files-2.15.so
7f2edd19a000-7f2edd1a4000 r-xp 00000000 08:03 2503602                    /lib/x86_64-linux-gnu/libnss_nis-2.15.so
7f2edd1a4000-7f2edd3a4000 ---p 0000a000 08:03 2503602                    /lib/x86_64-linux-gnu/libnss_nis-2.15.so
7f2edd3a4000-7f2edd3a5000 r--p 0000a000 08:03 2503602                    /lib/x86_64-linux-gnu/libnss_nis-2.15.so
7f2edd3a5000-7f2edd3a6000 rw-p 0000b000 08:03 2503602                    /lib/x86_64-linux-gnu/libnss_nis-2.15.so
7f2edd3a6000-7f2edd3bd000 r-xp 00000000 08:03 2511759                    /lib/x86_64-linux-gnu/libnsl-2.15.so
7f2edd3bd000-7f2edd5bc000 ---p 00017000 08:03 2511759                    /lib/x86_64-linux-gnu/libnsl-2.15.so
7f2edd5bc000-7f2edd5bd000 r--p 00016000 08:03 2511759                    /lib/x86_64-linux-gnu/libnsl-2.15.so
7f2edd5bd000-7f2edd5be000 rw-p 00017000 08:03 2511759                    /lib/x86_64-linux-gnu/libnsl-2.15.so
7f2edd5be000-7f2edd5c0000 rw-p 00000000 00:00 0 
7f2edd5c0000-7f2edd5c8000 r-xp 00000000 08:03 2511761                    /lib/x86_64-linux-gnu/libnss_compat-2.15.so
7f2edd5c8000-7f2edd7c7000 ---p 00008000 08:03 2511761                    /lib/x86_64-linux-gnu/libnss_compat-2.15.so
7f2edd7c7000-7f2edd7c8000 r--p 00007000 08:03 2511761                    /lib/x86_64-linux-gnu/libnss_compat-2.15.so
7f2edd7c8000-7f2edd7c9000 rw-p 00008000 08:03 2511761                    /lib/x86_64-linux-gnu/libnss_compat-2.15.so
7f2edd7c9000-7f2edd7f2000 r-xp 00000000 08:03 2511252                    /usr/lib/jvm/java-7-oracle/jre/lib/amd64/libjava.so
7f2edd7f2000-7f2edd9f2000 ---p 00029000 08:03 2511252                    /usr/lib/jvm/java-7-oracle/jre/lib/amd64/libjava.so
7f2edd9f2000-7f2edd9f4000 rw-p 00029000 08:03 2511252                    /usr/lib/jvm/java-7-oracle/jre/lib/amd64/libjava.so
7f2edd9f4000-7f2edda01000 r-xp 00000000 08:03 2511226                    /usr/lib/jvm/java-7-oracle/jre/lib/amd64/libverify.so
7f2edda01000-7f2eddc00000 ---p 0000d000 08:03 2511226                    /usr/lib/jvm/java-7-oracle/jre/lib/amd64/libverify.so
7f2eddc00000-7f2eddc02000 rw-p 0000c000 08:03 2511226                    /usr/lib/jvm/java-7-oracle/jre/lib/amd64/libverify.so
7f2eddc02000-7f2eddc09000 r-xp 00000000 08:03 2511745                    /lib/x86_64-linux-gnu/librt-2.15.so
7f2eddc09000-7f2edde08000 ---p 00007000 08:03 2511745                    /lib/x86_64-linux-gnu/librt-2.15.so
7f2edde08000-7f2edde09000 r--p 00006000 08:03 2511745                    /lib/x86_64-linux-gnu/librt-2.15.so
7f2edde09000-7f2edde0a000 rw-p 00007000 08:03 2511745                    /lib/x86_64-linux-gnu/librt-2.15.so
7f2edde0a000-7f2eddf05000 r-xp 00000000 08:03 2511735                    /lib/x86_64-linux-gnu/libm-2.15.so
7f2eddf05000-7f2ede104000 ---p 000fb000 08:03 2511735                    /lib/x86_64-linux-gnu/libm-2.15.so
7f2ede104000-7f2ede105000 r--p 000fa000 08:03 2511735                    /lib/x86_64-linux-gnu/libm-2.15.so
7f2ede105000-7f2ede106000 rw-p 000fb000 08:03 2511735                    /lib/x86_64-linux-gnu/libm-2.15.so
7f2ede106000-7f2edec7b000 r-xp 00000000 08:03 2511239                    /usr/lib/jvm/java-7-oracle/jre/lib/amd64/server/libjvm.so
7f2edec7b000-7f2edee7b000 ---p 00b75000 08:03 2511239                    /usr/lib/jvm/java-7-oracle/jre/lib/amd64/server/libjvm.so
7f2edee7b000-7f2edef3f000 rw-p 00b75000 08:03 2511239                    /usr/lib/jvm/java-7-oracle/jre/lib/amd64/server/libjvm.so
7f2edef3f000-7f2edef80000 rw-p 00000000 00:00 0 
7f2edef80000-7f2edf134000 r-xp 00000000 08:03 2511757                    /lib/x86_64-linux-gnu/libc-2.15.so
7f2edf134000-7f2edf333000 ---p 001b4000 08:03 2511757                    /lib/x86_64-linux-gnu/libc-2.15.so
7f2edf333000-7f2edf337000 r--p 001b3000 08:03 2511757                    /lib/x86_64-linux-gnu/libc-2.15.so
7f2edf337000-7f2edf339000 rw-p 001b7000 08:03 2511757                    /lib/x86_64-linux-gnu/libc-2.15.so
7f2edf339000-7f2edf33e000 rw-p 00000000 00:00 0 
7f2edf33e000-7f2edf340000 r-xp 00000000 08:03 2511765                    /lib/x86_64-linux-gnu/libdl-2.15.so
7f2edf340000-7f2edf540000 ---p 00002000 08:03 2511765                    /lib/x86_64-linux-gnu/libdl-2.15.so
7f2edf540000-7f2edf541000 r--p 00002000 08:03 2511765                    /lib/x86_64-linux-gnu/libdl-2.15.so
7f2edf541000-7f2edf542000 rw-p 00003000 08:03 2511765                    /lib/x86_64-linux-gnu/libdl-2.15.so
7f2edf542000-7f2edf558000 r-xp 00000000 08:03 2795333                    /usr/lib/jvm/java-7-oracle/lib/amd64/jli/libjli.so
7f2edf558000-7f2edf758000 ---p 00016000 08:03 2795333                    /usr/lib/jvm/java-7-oracle/lib/amd64/jli/libjli.so
7f2edf758000-7f2edf759000 rw-p 00016000 08:03 2795333                    /usr/lib/jvm/java-7-oracle/lib/amd64/jli/libjli.so
7f2edf759000-7f2edf771000 r-xp 00000000 08:03 2511739                    /lib/x86_64-linux-gnu/libpthread-2.15.so
7f2edf771000-7f2edf970000 ---p 00018000 08:03 2511739                    /lib/x86_64-linux-gnu/libpthread-2.15.so
7f2edf970000-7f2edf971000 r--p 00017000 08:03 2511739                    /lib/x86_64-linux-gnu/libpthread-2.15.so
7f2edf971000-7f2edf972000 rw-p 00018000 08:03 2511739                    /lib/x86_64-linux-gnu/libpthread-2.15.so
7f2edf972000-7f2edf976000 rw-p 00000000 00:00 0 
7f2edf976000-7f2edf998000 r-xp 00000000 08:03 2511743                    /lib/x86_64-linux-gnu/ld-2.15.so
7f2edf99d000-7f2edf9bd000 rw-p 00000000 00:00 0 
7f2edf9bd000-7f2edfa73000 rw-p 00000000 00:00 0 
7f2edfa73000-7f2edfa76000 ---p 00000000 00:00 0 
7f2edfa76000-7f2edfb79000 rw-p 00000000 00:00 0                          [stack:10005]
7f2edfb79000-7f2edfb7d000 r--s 0008b000 08:03 2115477                    /usr/lib/jvm/java-7-oracle/jre/lib/jsse.jar
7f2edfb7d000-7f2edfb8c000 r--s 000dd000 08:03 2100851                    /opt/sdk/build-tools/21.1.2/lib/dx.jar
7f2edfb8c000-7f2edfb94000 rw-s 00000000 08:03 4217288                    /tmp/hsperfdata_james/9999
7f2edfb94000-7f2edfb95000 rw-p 00000000 00:00 0 
7f2edfb95000-7f2edfb96000 ---p 00000000 00:00 0 
7f2edfb96000-7f2edfb98000 rw-p 00000000 00:00 0 
7f2edfb98000-7f2edfb99000 r--p 00022000 08:03 2511743                    /lib/x86_64-linux-gnu/ld-2.15.so
7f2edfb99000-7f2edfb9b000 rw-p 00023000 08:03 2511743                    /lib/x86_64-linux-gnu/ld-2.15.so
7fff7c975000-7fff7c996000 rw-p 00000000 00:00 0                          [stack]
7fff7c99d000-7fff7c99f000 r-xp 00000000 00:00 0                          [vdso]
ffffffffff600000-ffffffffff601000 r-xp 00000000 00:00 0                  [vsyscall]

VM Arguments:
jvm_args: -Xmx1024M -Dfile.encoding=UTF-8 -Duser.country=US -Duser.language=en -Duser.variant 
java_command: com.android.dx.command.Main --dex --output /home/james/boolio-Android/app/build/intermediates/dex/debug /home/james/boolio-Android/app/build/intermediates/classes/debug /home/james/boolio-Android/app/build/intermediates/pre-dexed/debug/support-annotations-22.0.0-42df0f76ffc233937293b42deb0246cb66f444df.jar /home/james/boolio-Android/app/build/intermediates/pre-dexed/debug/bolts-android-1.1.2-b25814cf8d2127f57e9e955d0211873d4cfafa46.jar /home/james/boolio-Android/app/build/intermediates/pre-dexed/debug/library-1.0.15-a1ff2097750540d2229b59f39bbf876419341640.jar /home/james/boolio-Android/app/build/intermediates/pre-dexed/debug/internal_impl-22.0.0-489f5fed822d634d543ca1ecd120e0be812e239a.jar /home/james/boolio-Android/app/build/intermediates/pre-dexed/debug/classes-429a12a819772d82572f8e5b32c901668c6659b2.jar /home/james/boolio-Android/app/build/intermediates/pre-dexed/debug/classes-4b6061efdc59ebd3f925d5cb9c8ae64d1ad32815.jar /home/james/boolio-Android/app/build/intermediates/pre-dexed/debug/classes-8c0b0308c388f3cb0eb34c711d51cae7199af4c6.jar
Launcher Type: SUN_STANDARD

Environment Variables:
CLASSPATH=/opt/android-studio/bin/../lib/bootstrap.jar:/opt/android-studio/bin/../lib/extensions.jar:/opt/android-studio/bin/../lib/util.jar:/opt/android-studio/bin/../lib/jdom.jar:/opt/android-studio/bin/../lib/log4j.jar:/opt/android-studio/bin/../lib/trove4j.jar:/opt/android-studio/bin/../lib/jna.jar:/usr/lib/jvm/java-7-oracle/lib/tools.jar
PATH=/usr/lib/lightdm/lightdm:/usr/local/sbin:/usr/local/bin:/usr/sbin:/usr/bin:/sbin:/bin:/usr/games
LD_LIBRARY_PATH=/opt/android-studio/bin:
SHELL=/bin/bash
DISPLAY=:0

Signal Handlers:
SIGSEGV: [libjvm.so+0x9a3bd0], sa_mask[0]=0x7ffbfeff, sa_flags=0x10000004
SIGBUS: [libjvm.so+0x9a3bd0], sa_mask[0]=0x7ffbfeff, sa_flags=0x10000004
SIGFPE: [libjvm.so+0x81cb60], sa_mask[0]=0x7ffbfeff, sa_flags=0x10000004
SIGPIPE: [libjvm.so+0x81cb60], sa_mask[0]=0x7ffbfeff, sa_flags=0x10000004
SIGXFSZ: [libjvm.so+0x81cb60], sa_mask[0]=0x7ffbfeff, sa_flags=0x10000004
SIGILL: [libjvm.so+0x81cb60], sa_mask[0]=0x7ffbfeff, sa_flags=0x10000004
SIGUSR1: SIG_DFL, sa_mask[0]=0x00000000, sa_flags=0x00000000
SIGUSR2: [libjvm.so+0x81e360], sa_mask[0]=0x00000004, sa_flags=0x10000004
SIGHUP: [libjvm.so+0x81f480], sa_mask[0]=0x7ffbfeff, sa_flags=0x10000004
SIGINT: [libjvm.so+0x81f480], sa_mask[0]=0x7ffbfeff, sa_flags=0x10000004
SIGTERM: [libjvm.so+0x81f480], sa_mask[0]=0x7ffbfeff, sa_flags=0x10000004
SIGQUIT: [libjvm.so+0x81f480], sa_mask[0]=0x7ffbfeff, sa_flags=0x10000004


---------------  S Y S T E M  ---------------

OS:wheezy/sid

uname:Linux 3.13.0-49-generic #81~precise1-Ubuntu SMP Wed Mar 25 16:32:15 UTC 2015 x86_64
libc:glibc 2.15 NPTL 2.15 
rlimit: STACK 8192k, CORE 0k, NPROC 63248, NOFILE 4096, AS infinity
load average:1.00 0.86 0.82

/proc/meminfo:
MemTotal:        8116828 kB
MemFree:          137292 kB
Buffers:             916 kB
Cached:            72624 kB
SwapCached:            0 kB
Active:          7599668 kB
Inactive:          38932 kB
Active(anon):    7590488 kB
Inactive(anon):    22368 kB
Active(file):       9180 kB
Inactive(file):    16564 kB
Unevictable:         136 kB
Mlocked:             136 kB
SwapTotal:             0 kB
SwapFree:              0 kB
Dirty:                 0 kB
Writeback:             0 kB
AnonPages:       7565360 kB
Mapped:           116592 kB
Shmem:             47656 kB
Slab:              93036 kB
SReclaimable:      32960 kB
SUnreclaim:        60076 kB
KernelStack:        7056 kB
PageTables:        78496 kB
NFS_Unstable:          0 kB
Bounce:                0 kB
WritebackTmp:          0 kB
CommitLimit:     4058412 kB
Committed_AS:   16324420 kB
VmallocTotal:   34359738367 kB
VmallocUsed:      119412 kB
VmallocChunk:   34359598076 kB
HardwareCorrupted:     0 kB
AnonHugePages:   3217408 kB
HugePages_Total:       0
HugePages_Free:        0
HugePages_Rsvd:        0
HugePages_Surp:        0
Hugepagesize:       2048 kB
DirectMap4k:      417588 kB
DirectMap2M:     7911424 kB


CPU:total 4 (2 cores per cpu, 2 threads per core) family 6 model 58 stepping 9, cmov, cx8, fxsr, mmx, sse, sse2, sse3, ssse3, sse4.1, sse4.2, popcnt, avx, aes, erms, ht, tsc, tscinvbit, tscinv

/proc/cpuinfo:
processor	: 0
vendor_id	: GenuineIntel
cpu family	: 6
model		: 58
model name	: Intel(R) Core(TM) i7-3540M CPU @ 3.00GHz
stepping	: 9
microcode	: 0x15
cpu MHz		: 3001.000
cache size	: 4096 KB
physical id	: 0
siblings	: 4
core id		: 0
cpu cores	: 2
apicid		: 0
initial apicid	: 0
fpu		: yes
fpu_exception	: yes
cpuid level	: 13
wp		: yes
flags		: fpu vme de pse tsc msr pae mce cx8 apic sep mtrr pge mca cmov pat pse36 clflush dts acpi mmx fxsr sse sse2 ss ht tm pbe syscall nx rdtscp lm constant_tsc arch_perfmon pebs bts rep_good nopl xtopology nonstop_tsc aperfmperf eagerfpu pni pclmulqdq dtes64 monitor ds_cpl vmx smx est tm2 ssse3 cx16 xtpr pdcm pcid sse4_1 sse4_2 x2apic popcnt tsc_deadline_timer aes xsave avx f16c rdrand lahf_lm ida arat epb xsaveopt pln pts dtherm tpr_shadow vnmi flexpriority ept vpid fsgsbase smep erms
bogomips	: 5980.34
clflush size	: 64
cache_alignment	: 64
address sizes	: 36 bits physical, 48 bits virtual
power management:

processor	: 1
vendor_id	: GenuineIntel
cpu family	: 6
model		: 58
model name	: Intel(R) Core(TM) i7-3540M CPU @ 3.00GHz
stepping	: 9
microcode	: 0x15
cpu MHz		: 3001.000
cache size	: 4096 KB
physical id	: 0
siblings	: 4
core id		: 1
cpu cores	: 2
apicid		: 2
initial apicid	: 2
fpu		: yes
fpu_exception	: yes
cpuid level	: 13
wp		: yes
flags		: fpu vme de pse tsc msr pae mce cx8 apic sep mtrr pge mca cmov pat pse36 clflush dts acpi mmx fxsr sse sse2 ss ht tm pbe syscall nx rdtscp lm constant_tsc arch_perfmon pebs bts rep_good nopl xtopology nonstop_tsc aperfmperf eagerfpu pni pclmulqdq dtes64 monitor ds_cpl vmx smx est tm2 ssse3 cx16 xtpr pdcm pcid sse4_1 sse4_2 x2apic popcnt tsc_deadline_timer aes xsave avx f16c rdrand lahf_lm ida arat epb xsaveopt pln pts dtherm tpr_shadow vnmi flexpriority ept vpid fsgsbase smep erms
bogomips	: 5980.34
clflush size	: 64
cache_alignment	: 64
address sizes	: 36 bits physical, 48 bits virtual
power management:

processor	: 2
vendor_id	: GenuineIntel
cpu family	: 6
model		: 58
model name	: Intel(R) Core(TM) i7-3540M CPU @ 3.00GHz
stepping	: 9
microcode	: 0x15
cpu MHz		: 1200.000
cache size	: 4096 KB
physical id	: 0
siblings	: 4
core id		: 0
cpu cores	: 2
apicid		: 1
initial apicid	: 1
fpu		: yes
fpu_exception	: yes
cpuid level	: 13
wp		: yes
flags		: fpu vme de pse tsc msr pae mce cx8 apic sep mtrr pge mca cmov pat pse36 clflush dts acpi mmx fxsr sse sse2 ss ht tm pbe syscall nx rdtscp lm constant_tsc arch_perfmon pebs bts rep_good nopl xtopology nonstop_tsc aperfmperf eagerfpu pni pclmulqdq dtes64 monitor ds_cpl vmx smx est tm2 ssse3 cx16 xtpr pdcm pcid sse4_1 sse4_2 x2apic popcnt tsc_deadline_timer aes xsave avx f16c rdrand lahf_lm ida arat epb xsaveopt pln pts dtherm tpr_shadow vnmi flexpriority ept vpid fsgsbase smep erms
bogomips	: 5980.34
clflush size	: 64
cache_alignment	: 64
address sizes	: 36 bits physical, 48 bits virtual
power management:

processor	: 3
vendor_id	: GenuineIntel
cpu family	: 6
model		: 58
model name	: Intel(R) Core(TM) i7-3540M CPU @ 3.00GHz
stepping	: 9
microcode	: 0x15
cpu MHz		: 1200.000
cache size	: 4096 KB
physical id	: 0
siblings	: 4
core id		: 1
cpu cores	: 2
apicid		: 3
initial apicid	: 3
fpu		: yes
fpu_exception	: yes
cpuid level	: 13
wp		: yes
flags		: fpu vme de pse tsc msr pae mce cx8 apic sep mtrr pge mca cmov pat pse36 clflush dts acpi mmx fxsr sse sse2 ss ht tm pbe syscall nx rdtscp lm constant_tsc arch_perfmon pebs bts rep_good nopl xtopology nonstop_tsc aperfmperf eagerfpu pni pclmulqdq dtes64 monitor ds_cpl vmx smx est tm2 ssse3 cx16 xtpr pdcm pcid sse4_1 sse4_2 x2apic popcnt tsc_deadline_timer aes xsave avx f16c rdrand lahf_lm ida arat epb xsaveopt pln pts dtherm tpr_shadow vnmi flexpriority ept vpid fsgsbase smep erms
bogomips	: 5980.34
clflush size	: 64
cache_alignment	: 64
address sizes	: 36 bits physical, 48 bits virtual
power management:



Memory: 4k page, physical 8116828k(137292k free), swap 0k(0k free)

vm_info: Java HotSpot(TM) 64-Bit Server VM (24.76-b04) for linux-amd64 JRE (1.7.0_76-b13), built on Dec 18 2014 16:58:39 by "java_re" with gcc 4.3.0 20080428 (Red Hat 4.3.0-8)

time: Fri Apr 17 06:29:57 2015
elapsed time: 3 seconds

